2021-01-12 21:11:57.543+0000 INFO [o.n.k.i.f.CommunityEditionModule] No locking implementation specified, defaulting to 'community'
2021-01-12 21:11:57.687+0000 INFO [o.n.k.AvailabilityGuard] Requirement makes database unavailable: Database available
2021-01-12 21:11:57.698+0000 INFO [o.n.k.i.DiagnosticsManager] --- INITIALIZED diagnostics START ---
2021-01-12 21:11:57.698+0000 INFO [o.n.k.i.DiagnosticsManager] Neo4j Kernel properties:
2021-01-12 21:11:57.698+0000 INFO [o.n.k.i.DiagnosticsManager] dbms.connector.http.enabled=true
2021-01-12 21:11:57.699+0000 INFO [o.n.k.i.DiagnosticsManager] causal_clustering.discovery_listen_address=0.0.0.0:5000
2021-01-12 21:11:57.699+0000 INFO [o.n.k.i.DiagnosticsManager] dbms.security.auth_enabled=true
2021-01-12 21:11:57.699+0000 INFO [o.n.k.i.DiagnosticsManager] dbms.connector.http.listen_address=0.0.0.0:7474
2021-01-12 21:11:57.699+0000 INFO [o.n.k.i.DiagnosticsManager] unsupported.dbms.directories.neo4j_home=/var/lib/neo4j
2021-01-12 21:11:57.699+0000 INFO [o.n.k.i.DiagnosticsManager] causal_clustering.raft_advertised_address=0ce190665e3a:7000
2021-01-12 21:11:57.699+0000 INFO [o.n.k.i.DiagnosticsManager] dbms.directories.import=import
2021-01-12 21:11:57.699+0000 INFO [o.n.k.i.DiagnosticsManager] dbms.memory.heap.initial_size=512M
2021-01-12 21:11:57.700+0000 INFO [o.n.k.i.DiagnosticsManager] causal_clustering.raft_listen_address=0.0.0.0:7000
2021-01-12 21:11:57.700+0000 INFO [o.n.k.i.DiagnosticsManager] ha.host.coordination=0ce190665e3a:5001
2021-01-12 21:11:57.700+0000 INFO [o.n.k.i.DiagnosticsManager] dbms.connector.https.enabled=true
2021-01-12 21:11:57.700+0000 INFO [o.n.k.i.DiagnosticsManager] dbms.jvm.additional=-Dunsupported.dbms.udc.source=tarball
2021-01-12 21:11:57.700+0000 INFO [o.n.k.i.DiagnosticsManager] dbms.tx_log.rotation.retention_policy=100M size
2021-01-12 21:11:57.700+0000 INFO [o.n.k.i.DiagnosticsManager] dbms.memory.heap.max_size=512M
2021-01-12 21:11:57.700+0000 INFO [o.n.k.i.DiagnosticsManager] dbms.connectors.default_listen_address=0.0.0.0
2021-01-12 21:11:57.700+0000 INFO [o.n.k.i.DiagnosticsManager] EDITION=community
2021-01-12 21:11:57.701+0000 INFO [o.n.k.i.DiagnosticsManager] dbms.windows_service_name=neo4j
2021-01-12 21:11:57.701+0000 INFO [o.n.k.i.DiagnosticsManager] dbms.connector.https.listen_address=0.0.0.0:7473
2021-01-12 21:11:57.701+0000 INFO [o.n.k.i.DiagnosticsManager] dbms.connector.bolt.listen_address=0.0.0.0:7687
2021-01-12 21:11:57.701+0000 INFO [o.n.k.i.DiagnosticsManager] causal_clustering.transaction_advertised_address=0ce190665e3a:6000
2021-01-12 21:11:57.701+0000 INFO [o.n.k.i.DiagnosticsManager] causal_clustering.discovery_advertised_address=0ce190665e3a:5000
2021-01-12 21:11:57.701+0000 INFO [o.n.k.i.DiagnosticsManager] dbms.memory.pagecache.size=512M
2021-01-12 21:11:57.701+0000 INFO [o.n.k.i.DiagnosticsManager] ha.host.data=0ce190665e3a:6001
2021-01-12 21:11:57.702+0000 INFO [o.n.k.i.DiagnosticsManager] unsupported.dbms.edition=community
2021-01-12 21:11:57.702+0000 INFO [o.n.k.i.DiagnosticsManager] dbms.directories.logs=/logs
2021-01-12 21:11:57.702+0000 INFO [o.n.k.i.DiagnosticsManager] dbms.connector.bolt.enabled=true
2021-01-12 21:11:57.702+0000 INFO [o.n.k.i.DiagnosticsManager] causal_clustering.transaction_listen_address=0.0.0.0:6000
2021-01-12 21:11:57.702+0000 INFO [o.n.k.i.DiagnosticsManager] wrapper.java.additional=-Dneo4j.ext.udc.source=docker
2021-01-12 21:11:57.702+0000 INFO [o.n.k.i.DiagnosticsManager] Diagnostics providers:
2021-01-12 21:11:57.703+0000 INFO [o.n.k.i.DiagnosticsManager] org.neo4j.kernel.configuration.Config
2021-01-12 21:11:57.703+0000 INFO [o.n.k.i.DiagnosticsManager] org.neo4j.kernel.info.DiagnosticsManager
2021-01-12 21:11:57.703+0000 INFO [o.n.k.i.DiagnosticsManager] SYSTEM_MEMORY
2021-01-12 21:11:57.703+0000 INFO [o.n.k.i.DiagnosticsManager] JAVA_MEMORY
2021-01-12 21:11:57.703+0000 INFO [o.n.k.i.DiagnosticsManager] OPERATING_SYSTEM
2021-01-12 21:11:57.703+0000 INFO [o.n.k.i.DiagnosticsManager] JAVA_VIRTUAL_MACHINE
2021-01-12 21:11:57.703+0000 INFO [o.n.k.i.DiagnosticsManager] CLASSPATH
2021-01-12 21:11:57.703+0000 INFO [o.n.k.i.DiagnosticsManager] LIBRARY_PATH
2021-01-12 21:11:57.703+0000 INFO [o.n.k.i.DiagnosticsManager] SYSTEM_PROPERTIES
2021-01-12 21:11:57.703+0000 INFO [o.n.k.i.DiagnosticsManager] TIMEZONE_DATABASE
2021-01-12 21:11:57.703+0000 INFO [o.n.k.i.DiagnosticsManager] LINUX_SCHEDULERS
2021-01-12 21:11:57.703+0000 INFO [o.n.k.i.DiagnosticsManager] NETWORK
2021-01-12 21:11:57.703+0000 INFO [o.n.k.i.DiagnosticsManager] System memory information:
2021-01-12 21:11:57.713+0000 INFO [o.n.k.i.DiagnosticsManager] Total Physical memory: 12.44 GB
2021-01-12 21:11:57.713+0000 INFO [o.n.k.i.DiagnosticsManager] Free Physical memory: 9.89 GB
2021-01-12 21:11:57.713+0000 INFO [o.n.k.i.DiagnosticsManager] Committed virtual memory: 1.99 GB
2021-01-12 21:11:57.713+0000 INFO [o.n.k.i.DiagnosticsManager] Total swap space: 4.00 GB
2021-01-12 21:11:57.713+0000 INFO [o.n.k.i.DiagnosticsManager] Free swap space: 4.00 GB
2021-01-12 21:11:57.713+0000 INFO [o.n.k.i.DiagnosticsManager] JVM memory information:
2021-01-12 21:11:57.714+0000 INFO [o.n.k.i.DiagnosticsManager] Free  memory: 476.34 MB
2021-01-12 21:11:57.714+0000 INFO [o.n.k.i.DiagnosticsManager] Total memory: 512.00 MB
2021-01-12 21:11:57.714+0000 INFO [o.n.k.i.DiagnosticsManager] Max   memory: 512.00 MB
2021-01-12 21:11:57.715+0000 INFO [o.n.k.i.DiagnosticsManager] Garbage Collector: G1 Young Generation: [G1 Eden Space, G1 Survivor Space, G1 Old Gen]
2021-01-12 21:11:57.715+0000 INFO [o.n.k.i.DiagnosticsManager] Garbage Collector: G1 Old Generation: [G1 Eden Space, G1 Survivor Space, G1 Old Gen]
2021-01-12 21:11:57.716+0000 INFO [o.n.k.i.DiagnosticsManager] Memory Pool: Code Cache (Non-heap memory): committed=7.75 MB, used=7.73 MB, max=240.00 MB, threshold=0.00 B
2021-01-12 21:11:57.716+0000 INFO [o.n.k.i.DiagnosticsManager] Memory Pool: Metaspace (Non-heap memory): committed=16.63 MB, used=15.61 MB, max=-1.00 B, threshold=0.00 B
2021-01-12 21:11:57.716+0000 INFO [o.n.k.i.DiagnosticsManager] Memory Pool: Compressed Class Space (Non-heap memory): committed=2.13 MB, used=1.89 MB, max=1.00 GB, threshold=0.00 B
2021-01-12 21:11:57.716+0000 INFO [o.n.k.i.DiagnosticsManager] Memory Pool: G1 Eden Space (Heap memory): committed=319.00 MB, used=20.00 MB, max=-1.00 B, threshold=?
2021-01-12 21:11:57.716+0000 INFO [o.n.k.i.DiagnosticsManager] Memory Pool: G1 Survivor Space (Heap memory): committed=4.00 MB, used=4.00 MB, max=-1.00 B, threshold=?
2021-01-12 21:11:57.716+0000 INFO [o.n.k.i.DiagnosticsManager] Memory Pool: G1 Old Gen (Heap memory): committed=189.00 MB, used=11.16 MB, max=512.00 MB, threshold=0.00 B
2021-01-12 21:11:57.716+0000 INFO [o.n.k.i.DiagnosticsManager] Operating system information:
2021-01-12 21:11:57.717+0000 INFO [o.n.k.i.DiagnosticsManager] Operating System: Linux; version: 4.19.128-microsoft-standard; arch: amd64; cpus: 16
2021-01-12 21:11:57.717+0000 INFO [o.n.k.i.DiagnosticsManager] Max number of file descriptors: 1048576
2021-01-12 21:11:57.717+0000 INFO [o.n.k.i.DiagnosticsManager] Number of open file descriptors: 113
2021-01-12 21:11:57.718+0000 INFO [o.n.k.i.DiagnosticsManager] Process id: 8@0ce190665e3a
2021-01-12 21:11:57.718+0000 INFO [o.n.k.i.DiagnosticsManager] Byte order: LITTLE_ENDIAN
2021-01-12 21:11:57.721+0000 INFO [o.n.k.i.DiagnosticsManager] Local timezone: GMT
2021-01-12 21:11:57.722+0000 INFO [o.n.k.i.DiagnosticsManager] JVM information:
2021-01-12 21:11:57.722+0000 INFO [o.n.k.i.DiagnosticsManager] VM Name: OpenJDK 64-Bit Server VM
2021-01-12 21:11:57.722+0000 INFO [o.n.k.i.DiagnosticsManager] VM Vendor: IcedTea
2021-01-12 21:11:57.722+0000 INFO [o.n.k.i.DiagnosticsManager] VM Version: 25.212-b04
2021-01-12 21:11:57.722+0000 INFO [o.n.k.i.DiagnosticsManager] JIT compiler: HotSpot 64-Bit Tiered Compilers
2021-01-12 21:11:57.722+0000 INFO [o.n.k.i.DiagnosticsManager] VM Arguments: [-Xms512M, -Xmx512M, -XX:+UseG1GC, -XX:-OmitStackTraceInFastThrow, -XX:+AlwaysPreTouch, -XX:+UnlockExperimentalVMOptions, -XX:+TrustFinalNonStaticFields, -XX:+DisableExplicitGC, -Djdk.tls.ephemeralDHKeySize=2048, -Djdk.tls.rejectClientInitiatedRenegotiation=true, -Dunsupported.dbms.udc.source=tarball, -Dfile.encoding=UTF-8]
2021-01-12 21:11:57.722+0000 INFO [o.n.k.i.DiagnosticsManager] Java classpath:
2021-01-12 21:11:57.724+0000 INFO [o.n.k.i.DiagnosticsManager]  [classpath + loader.0] file:/var/lib/neo4j/lib/neo4j-primitive-collections-3.4.9.jar
2021-01-12 21:11:57.725+0000 INFO [o.n.k.i.DiagnosticsManager]  [classpath + loader.0] file:/var/lib/neo4j/lib/neo4j-cypher-logical-plans-3.3-3.3.7.jar
2021-01-12 21:11:57.725+0000 INFO [o.n.k.i.DiagnosticsManager]  [classpath + loader.0] file:/var/lib/neo4j/lib/jackson-core-asl-1.9.13.jar
2021-01-12 21:11:57.725+0000 INFO [o.n.k.i.DiagnosticsManager]  [classpath + loader.0] file:/var/lib/neo4j/lib/neo4j-csv-3.4.9.jar
2021-01-12 21:11:57.725+0000 INFO [o.n.k.i.DiagnosticsManager]  [loader.1] file:/usr/lib/jvm/java-1.8-openjdk/jre/lib/ext/jaccess.jar
2021-01-12 21:11:57.725+0000 INFO [o.n.k.i.DiagnosticsManager]  [classpath + loader.0] file:/var/lib/neo4j/lib/neo4j-kernel-api-3.4.9.jar
2021-01-12 21:11:57.725+0000 INFO [o.n.k.i.DiagnosticsManager]  [classpath + loader.0] file:/var/lib/neo4j/lib/neo4j-cypher-compiler-3.3-3.3.7.jar
2021-01-12 21:11:57.725+0000 INFO [o.n.k.i.DiagnosticsManager]  [classpath + loader.0] file:/var/lib/neo4j/lib/concurrentlinkedhashmap-lru-1.4.2.jar
2021-01-12 21:11:57.725+0000 INFO [o.n.k.i.DiagnosticsManager]  [classpath + loader.0] file:/var/lib/neo4j/lib/neo4j-consistency-check-3.4.9.jar
2021-01-12 21:11:57.725+0000 INFO [o.n.k.i.DiagnosticsManager]  [classpath + loader.0] file:/var/lib/neo4j/lib/jPowerShell-1.9.jar
2021-01-12 21:11:57.725+0000 INFO [o.n.k.i.DiagnosticsManager]  [classpath + loader.0] file:/var/lib/neo4j/lib/neo4j-spatial-index-3.4.9.jar
2021-01-12 21:11:57.725+0000 INFO [o.n.k.i.DiagnosticsManager]  [classpath + loader.0] file:/var/lib/neo4j/lib/server-api-3.4.9.jar
2021-01-12 21:11:57.725+0000 INFO [o.n.k.i.DiagnosticsManager]  [classpath + loader.0] file:/var/lib/neo4j/lib/neo4j-procedure-api-3.4.9.jar
2021-01-12 21:11:57.725+0000 INFO [o.n.k.i.DiagnosticsManager]  [classpath + loader.0] file:/var/lib/neo4j/lib/neo4j-cypher-logical-plans-3.4-3.4.9.jar
2021-01-12 21:11:57.725+0000 INFO [o.n.k.i.DiagnosticsManager]  [classpath + loader.0] file:/var/lib/neo4j/lib/neo4j-graphdb-api-3.4.9.jar
2021-01-12 21:11:57.725+0000 INFO [o.n.k.i.DiagnosticsManager]  [classpath + loader.0] file:/var/lib/neo4j/lib/jersey-server-1.19.3.jar
2021-01-12 21:11:57.725+0000 INFO [o.n.k.i.DiagnosticsManager]  [classpath + loader.0] file:/var/lib/neo4j/lib/neo4j-codegen-3.4.9.jar
2021-01-12 21:11:57.725+0000 INFO [o.n.k.i.DiagnosticsManager]  [classpath + loader.0] file:/var/lib/neo4j/lib/neo4j-cypher-runtime-util-3.4.9.jar
2021-01-12 21:11:57.725+0000 INFO [o.n.k.i.DiagnosticsManager]  [bootstrap] /usr/lib/jvm/java-1.8-openjdk/jre/lib/jce.jar
2021-01-12 21:11:57.725+0000 INFO [o.n.k.i.DiagnosticsManager]  [classpath + loader.0] file:/var/lib/neo4j/lib/commons-compress-1.16.1.jar
2021-01-12 21:11:57.725+0000 INFO [o.n.k.i.DiagnosticsManager]  [classpath + loader.0] file:/var/lib/neo4j/lib/neo4j-resource-3.4.9.jar
2021-01-12 21:11:57.725+0000 INFO [o.n.k.i.DiagnosticsManager]  [classpath + loader.0] file:/var/lib/neo4j/lib/neo4j-configuration-3.4.9.jar
2021-01-12 21:11:57.725+0000 INFO [o.n.k.i.DiagnosticsManager]  [classpath + loader.0] file:/var/lib/neo4j/lib/neo4j-lucene-index-3.4.9.jar
2021-01-12 21:11:57.726+0000 INFO [o.n.k.i.DiagnosticsManager]  [classpath + loader.0] file:/var/lib/neo4j/lib/commons-io-2.6.jar
2021-01-12 21:11:57.726+0000 INFO [o.n.k.i.DiagnosticsManager]  [classpath + loader.0] file:/var/lib/neo4j/lib/jetty-util-9.4.11.v20180605.jar
2021-01-12 21:11:57.726+0000 INFO [o.n.k.i.DiagnosticsManager]  [classpath + loader.0] file:/var/lib/neo4j/lib/neo4j-io-3.4.9.jar
2021-01-12 21:11:57.726+0000 INFO [o.n.k.i.DiagnosticsManager]  [classpath + loader.0] file:/var/lib/neo4j/lib/jersey-core-1.19.3.jar
2021-01-12 21:11:57.726+0000 INFO [o.n.k.i.DiagnosticsManager]  [classpath + loader.0] file:/var/lib/neo4j/lib/commons-lang3-3.7.jar
2021-01-12 21:11:57.726+0000 INFO [o.n.k.i.DiagnosticsManager]  [classpath + loader.0] file:/var/lib/neo4j/lib/commons-configuration-1.10.jar
2021-01-12 21:11:57.726+0000 INFO [o.n.k.i.DiagnosticsManager]  [classpath + loader.0] file:/var/lib/neo4j/lib/neo4j-browser-3.2.10.jar
2021-01-12 21:11:57.726+0000 INFO [o.n.k.i.DiagnosticsManager]  [loader.1] file:/usr/lib/jvm/java-1.8-openjdk/jre/lib/ext/sunec.jar
2021-01-12 21:11:57.726+0000 INFO [o.n.k.i.DiagnosticsManager]  [classpath + loader.0] file:/var/lib/neo4j/lib/neo4j-command-line-3.4.9.jar
2021-01-12 21:11:57.726+0000 INFO [o.n.k.i.DiagnosticsManager]  [classpath + loader.0] file:/var/lib/neo4j/lib/neo4j-cypher-interpreted-runtime-3.4.9.jar
2021-01-12 21:11:57.726+0000 INFO [o.n.k.i.DiagnosticsManager]  [classpath + loader.0] file:/var/lib/neo4j/lib/jersey-servlet-1.19.3.jar
2021-01-12 21:11:57.726+0000 INFO [o.n.k.i.DiagnosticsManager]  [classpath + loader.0] file:/var/lib/neo4j/lib/commons-text-1.3.jar
2021-01-12 21:11:57.726+0000 INFO [o.n.k.i.DiagnosticsManager]  [classpath + loader.0] file:/var/lib/neo4j/lib/neo4j-cypher-ir-3.3-3.3.7.jar
2021-01-12 21:11:57.726+0000 INFO [o.n.k.i.DiagnosticsManager]  [classpath + loader.0] file:/var/lib/neo4j/lib/neo4j-unsafe-3.4.9.jar
2021-01-12 21:11:57.726+0000 INFO [o.n.k.i.DiagnosticsManager]  [classpath + loader.0] file:/var/lib/neo4j/lib/neo4j-cypher-frontend-3.3-3.3.7.jar
2021-01-12 21:11:57.726+0000 INFO [o.n.k.i.DiagnosticsManager]  [classpath + loader.0] file:/var/lib/neo4j/lib/scala-library-2.11.12.jar
2021-01-12 21:11:57.726+0000 INFO [o.n.k.i.DiagnosticsManager]  [bootstrap] /usr/lib/jvm/java-1.8-openjdk/jre/classes
2021-01-12 21:11:57.726+0000 INFO [o.n.k.i.DiagnosticsManager]  [classpath + loader.0] file:/var/lib/neo4j/lib/neo4j-graph-algo-3.4.9.jar
2021-01-12 21:11:57.726+0000 INFO [o.n.k.i.DiagnosticsManager]  [classpath + loader.0] file:/var/lib/neo4j/lib/neo4j-dbms-3.4.9.jar
2021-01-12 21:11:57.726+0000 INFO [o.n.k.i.DiagnosticsManager]  [classpath + loader.0] file:/var/lib/neo4j/lib/neo4j-cypher-ir-3.4-3.4.9.jar
2021-01-12 21:11:57.726+0000 INFO [o.n.k.i.DiagnosticsManager]  [classpath + loader.0] file:/var/lib/neo4j/lib/jetty-security-9.4.11.v20180605.jar
2021-01-12 21:11:57.727+0000 INFO [o.n.k.i.DiagnosticsManager]  [classpath + loader.0] file:/var/lib/neo4j/lib/jetty-servlet-9.4.11.v20180605.jar
2021-01-12 21:11:57.727+0000 INFO [o.n.k.i.DiagnosticsManager]  [classpath + loader.0] file:/var/lib/neo4j/lib/javax.servlet-api-3.1.0.jar
2021-01-12 21:11:57.727+0000 INFO [o.n.k.i.DiagnosticsManager]  [bootstrap] /usr/lib/jvm/java-1.8-openjdk/jre/lib/rt.jar
2021-01-12 21:11:57.727+0000 INFO [o.n.k.i.DiagnosticsManager]  [classpath + loader.0] file:/var/lib/neo4j/lib/neo4j-values-3.4.9.jar
2021-01-12 21:11:57.727+0000 INFO [o.n.k.i.DiagnosticsManager]  [loader.1] file:/usr/lib/jvm/java-1.8-openjdk/jre/lib/ext/localedata.jar
2021-01-12 21:11:57.727+0000 INFO [o.n.k.i.DiagnosticsManager]  [classpath + loader.0] file:/var/lib/neo4j/lib/neo4j-bolt-3.4.9.jar
2021-01-12 21:11:57.727+0000 INFO [o.n.k.i.DiagnosticsManager]  [classpath + loader.0] file:/var/lib/neo4j/lib/jProcesses-1.6.4.jar
2021-01-12 21:11:57.727+0000 INFO [o.n.k.i.DiagnosticsManager]  [classpath + loader.0] file:/var/lib/neo4j/lib/neo4j-cypher-compiler-2.3-2.3.12.jar
2021-01-12 21:11:57.727+0000 INFO [o.n.k.i.DiagnosticsManager]  [classpath + loader.0] file:/var/lib/neo4j/lib/neo4j-kernel-3.4.9.jar
2021-01-12 21:11:57.727+0000 INFO [o.n.k.i.DiagnosticsManager]  [classpath + loader.0] file:/var/lib/neo4j/lib/neo4j-ssl-3.4.9.jar
2021-01-12 21:11:57.727+0000 INFO [o.n.k.i.DiagnosticsManager]  [classpath + loader.0] file:/var/lib/neo4j/lib/scala-reflect-2.11.12.jar
2021-01-12 21:11:57.727+0000 INFO [o.n.k.i.DiagnosticsManager]  [classpath + loader.0] file:/var/lib/neo4j/plugins/
2021-01-12 21:11:57.727+0000 INFO [o.n.k.i.DiagnosticsManager]  [classpath + loader.0] file:/var/lib/neo4j/lib/neo4j-lucene-upgrade-3.4.9.jar
2021-01-12 21:11:57.727+0000 INFO [o.n.k.i.DiagnosticsManager]  [loader.1] file:/usr/lib/jvm/java-1.8-openjdk/jre/lib/ext/sunjce_provider.jar
2021-01-12 21:11:57.727+0000 INFO [o.n.k.i.DiagnosticsManager]  [classpath + loader.0] file:/var/lib/neo4j/lib/commons-lang-2.6.jar
2021-01-12 21:11:57.727+0000 INFO [o.n.k.i.DiagnosticsManager]  [classpath + loader.0] file:/var/lib/neo4j/lib/lucene-core-5.5.5.jar
2021-01-12 21:11:57.727+0000 INFO [o.n.k.i.DiagnosticsManager]  [classpath + loader.0] file:/var/lib/neo4j/lib/neo4j-common-3.4.9.jar
2021-01-12 21:11:57.727+0000 INFO [o.n.k.i.DiagnosticsManager]  [classpath + loader.0] file:/var/lib/neo4j/lib/lucene-codecs-5.5.5.jar
2021-01-12 21:11:57.727+0000 INFO [o.n.k.i.DiagnosticsManager]  [classpath + loader.0] file:/var/lib/neo4j/lib/rhino-1.7.9.jar
2021-01-12 21:11:57.727+0000 INFO [o.n.k.i.DiagnosticsManager]  [classpath + loader.0] file:/var/lib/neo4j/lib/neo4j-cypher-planner-3.4-3.4.9.jar
2021-01-12 21:11:57.727+0000 INFO [o.n.k.i.DiagnosticsManager]  [classpath + loader.0] file:/var/lib/neo4j/lib/neo4j-index-3.4.9.jar
2021-01-12 21:11:57.727+0000 INFO [o.n.k.i.DiagnosticsManager]  [loader.1] file:/usr/lib/jvm/java-1.8-openjdk/jre/lib/ext/nashorn.jar
2021-01-12 21:11:57.728+0000 INFO [o.n.k.i.DiagnosticsManager]  [classpath + loader.0] file:/var/lib/neo4j/lib/neo4j-cypher-compiler-3.1-3.1.9.jar
2021-01-12 21:11:57.728+0000 INFO [o.n.k.i.DiagnosticsManager]  [loader.1] file:/usr/lib/jvm/java-1.8-openjdk/jre/lib/ext/dnsns.jar
2021-01-12 21:11:57.728+0000 INFO [o.n.k.i.DiagnosticsManager]  [bootstrap] /usr/lib/jvm/java-1.8-openjdk/jre/lib/jfr.jar
2021-01-12 21:11:57.728+0000 INFO [o.n.k.i.DiagnosticsManager]  [classpath + loader.0] file:/var/lib/neo4j/lib/jline-2.12.jar
2021-01-12 21:11:57.728+0000 INFO [o.n.k.i.DiagnosticsManager]  [classpath + loader.0] file:/var/lib/neo4j/lib/neo4j-security-3.4.9.jar
2021-01-12 21:11:57.728+0000 INFO [o.n.k.i.DiagnosticsManager]  [classpath + loader.0] file:/var/lib/neo4j/lib/neo4j-import-tool-3.4.9.jar
2021-01-12 21:11:57.728+0000 INFO [o.n.k.i.DiagnosticsManager]  [classpath + loader.0] file:/var/lib/neo4j/conf/
2021-01-12 21:11:57.728+0000 INFO [o.n.k.i.DiagnosticsManager]  [loader.1] file:/usr/lib/jvm/java-1.8-openjdk/jre/lib/ext/sunpkcs11.jar
2021-01-12 21:11:57.728+0000 INFO [o.n.k.i.DiagnosticsManager]  [classpath + loader.0] file:/var/lib/neo4j/lib/jetty-webapp-9.4.11.v20180605.jar
2021-01-12 21:11:57.728+0000 INFO [o.n.k.i.DiagnosticsManager]  [classpath + loader.0] file:/var/lib/neo4j/lib/neo4j-cypher-expression-3.4-3.4.9.jar
2021-01-12 21:11:57.728+0000 INFO [o.n.k.i.DiagnosticsManager]  [classpath + loader.0] file:/var/lib/neo4j/lib/opencsv-2.3.jar
2021-01-12 21:11:57.728+0000 INFO [o.n.k.i.DiagnosticsManager]  [classpath + loader.0] file:/var/lib/neo4j/lib/neo4j-jmx-3.4.9.jar
2021-01-12 21:11:57.728+0000 INFO [o.n.k.i.DiagnosticsManager]  [classpath + loader.0] file:/var/lib/neo4j/lib/parboiled-scala_2.11-1.1.7.jar
2021-01-12 21:11:57.728+0000 INFO [o.n.k.i.DiagnosticsManager]  [classpath + loader.0] file:/var/lib/neo4j/lib/neo4j-udc-3.4.9.jar
2021-01-12 21:11:57.728+0000 INFO [o.n.k.i.DiagnosticsManager]  [classpath + loader.0] file:/var/lib/neo4j/lib/neo4j-cypher-planner-spi-3.4-3.4.9.jar
2021-01-12 21:11:57.728+0000 INFO [o.n.k.i.DiagnosticsManager]  [classpath + loader.0] file:/var/lib/neo4j/lib/jetty-server-9.4.11.v20180605.jar
2021-01-12 21:11:57.728+0000 INFO [o.n.k.i.DiagnosticsManager]  [classpath + loader.0] file:/var/lib/neo4j/lib/neo4j-shell-3.4.9.jar
2021-01-12 21:11:57.728+0000 INFO [o.n.k.i.DiagnosticsManager]  [bootstrap] /usr/lib/jvm/java-1.8-openjdk/jre/lib/resources.jar
2021-01-12 21:11:57.728+0000 INFO [o.n.k.i.DiagnosticsManager]  [bootstrap] /usr/lib/jvm/java-1.8-openjdk/jre/lib/charsets.jar
2021-01-12 21:11:57.728+0000 INFO [o.n.k.i.DiagnosticsManager]  [classpath + loader.0] file:/var/lib/neo4j/lib/neo4j-logging-3.4.9.jar
2021-01-12 21:11:57.728+0000 INFO [o.n.k.i.DiagnosticsManager]  [classpath + loader.0] file:/var/lib/neo4j/lib/jetty-http-9.4.11.v20180605.jar
2021-01-12 21:11:57.728+0000 INFO [o.n.k.i.DiagnosticsManager]  [classpath + loader.0] file:/var/lib/neo4j/lib/jackson-mapper-asl-1.9.13.jar
2021-01-12 21:11:57.728+0000 INFO [o.n.k.i.DiagnosticsManager]  [classpath + loader.0] file:/var/lib/neo4j/lib/openCypher-frontend-1-3.4.9.jar
2021-01-12 21:11:57.728+0000 INFO [o.n.k.i.DiagnosticsManager]  [classpath + loader.0] file:/var/lib/neo4j/lib/neo4j-collections-3.4.9.jar
2021-01-12 21:11:57.728+0000 INFO [o.n.k.i.DiagnosticsManager]  [classpath + loader.0] file:/var/lib/neo4j/lib/caffeine-2.6.2.jar
2021-01-12 21:11:57.728+0000 INFO [o.n.k.i.DiagnosticsManager]  [classpath + loader.0] file:/var/lib/neo4j/lib/lucene-queryparser-5.5.5.jar
2021-01-12 21:11:57.728+0000 INFO [o.n.k.i.DiagnosticsManager]  [classpath + loader.0] file:/var/lib/neo4j/lib/bcprov-jdk15on-1.60.jar
2021-01-12 21:11:57.728+0000 INFO [o.n.k.i.DiagnosticsManager]  [classpath + loader.0] file:/var/lib/neo4j/lib/jackson-jaxrs-1.9.13.jar
2021-01-12 21:11:57.728+0000 INFO [o.n.k.i.DiagnosticsManager]  [loader.1] file:/usr/lib/jvm/java-1.8-openjdk/jre/lib/ext/zipfs.jar
2021-01-12 21:11:57.728+0000 INFO [o.n.k.i.DiagnosticsManager]  [classpath + loader.0] file:/var/lib/neo4j/lib/neo4j-cypher-util-3.4-3.4.9.jar
2021-01-12 21:11:57.728+0000 INFO [o.n.k.i.DiagnosticsManager]  [classpath + loader.0] file:/var/lib/neo4j/lib/neo4j-cypher-frontend-3.1-3.1.9.jar
2021-01-12 21:11:57.728+0000 INFO [o.n.k.i.DiagnosticsManager]  [classpath + loader.0] file:/var/lib/neo4j/lib/WMI4Java-1.6.1.jar
2021-01-12 21:11:57.728+0000 INFO [o.n.k.i.DiagnosticsManager]  [classpath + loader.0] file:/var/lib/neo4j/plugins/*
2021-01-12 21:11:57.728+0000 INFO [o.n.k.i.DiagnosticsManager]  [loader.1] file:/usr/lib/jvm/java-1.8-openjdk/jre/lib/ext/cldrdata.jar
2021-01-12 21:11:57.728+0000 INFO [o.n.k.i.DiagnosticsManager]  [classpath + loader.0] file:/var/lib/neo4j/lib/jsr311-api-1.1.2.r612.jar
2021-01-12 21:11:57.729+0000 INFO [o.n.k.i.DiagnosticsManager]  [classpath + loader.0] file:/var/lib/neo4j/lib/jetty-xml-9.4.11.v20180605.jar
2021-01-12 21:11:57.729+0000 INFO [o.n.k.i.DiagnosticsManager]  [classpath + loader.0] file:/var/lib/neo4j/lib/neo4j-cypher-frontend-2.3-2.3.12.jar
2021-01-12 21:11:57.729+0000 INFO [o.n.k.i.DiagnosticsManager]  [classpath + loader.0] file:/var/lib/neo4j/lib/lucene-analyzers-common-5.5.5.jar
2021-01-12 21:11:57.729+0000 INFO [o.n.k.i.DiagnosticsManager]  [bootstrap] /usr/lib/jvm/java-1.8-openjdk/jre/lib/jsse.jar
2021-01-12 21:11:57.729+0000 INFO [o.n.k.i.DiagnosticsManager]  [classpath + loader.0] file:/var/lib/neo4j/lib/neo4j-cypher-3.4.9.jar
2021-01-12 21:11:57.729+0000 INFO [o.n.k.i.DiagnosticsManager]  [bootstrap] /usr/lib/jvm/java-1.8-openjdk/jre/lib/sunrsasign.jar
2021-01-12 21:11:57.729+0000 INFO [o.n.k.i.DiagnosticsManager]  [classpath + loader.0] file:/var/lib/neo4j/lib/bcpkix-jdk15on-1.60.jar
2021-01-12 21:11:57.729+0000 INFO [o.n.k.i.DiagnosticsManager]  [classpath + loader.0] file:/var/lib/neo4j/lib/commons-logging-1.1.1.jar
2021-01-12 21:11:57.729+0000 INFO [o.n.k.i.DiagnosticsManager]  [classpath + loader.0] file:/var/lib/neo4j/lib/jetty-io-9.4.11.v20180605.jar
2021-01-12 21:11:57.729+0000 INFO [o.n.k.i.DiagnosticsManager]  [classpath + loader.0] file:/var/lib/neo4j/lib/neo4j-server-3.4.9.jar
2021-01-12 21:11:57.729+0000 INFO [o.n.k.i.DiagnosticsManager]  [classpath + loader.0] file:/var/lib/neo4j/lib/neo4j-graph-matching-3.1.9.jar
2021-01-12 21:11:57.729+0000 INFO [o.n.k.i.DiagnosticsManager]  [classpath + loader.0] file:/var/lib/neo4j/lib/parboiled-core-1.1.7.jar
2021-01-12 21:11:57.729+0000 INFO [o.n.k.i.DiagnosticsManager]  [classpath + loader.0] file:/var/lib/neo4j/lib/netty-all-4.1.24.Final.jar
2021-01-12 21:11:57.729+0000 INFO [o.n.k.i.DiagnosticsManager] Library path:
2021-01-12 21:11:57.729+0000 INFO [o.n.k.i.DiagnosticsManager] /usr/lib/jvm/java-1.8-openjdk/jre/lib/amd64/server
2021-01-12 21:11:57.729+0000 INFO [o.n.k.i.DiagnosticsManager] /usr/lib/jvm/java-1.8-openjdk/jre/lib/amd64
2021-01-12 21:11:57.729+0000 INFO [o.n.k.i.DiagnosticsManager] /usr/lib/jvm/java-1.8-openjdk/lib/amd64
2021-01-12 21:11:57.730+0000 INFO [o.n.k.i.DiagnosticsManager] /usr/java/packages/lib/amd64
2021-01-12 21:11:57.730+0000 INFO [o.n.k.i.DiagnosticsManager] /usr/lib64
2021-01-12 21:11:57.730+0000 INFO [o.n.k.i.DiagnosticsManager] /lib64
2021-01-12 21:11:57.730+0000 INFO [o.n.k.i.DiagnosticsManager] /lib
2021-01-12 21:11:57.730+0000 INFO [o.n.k.i.DiagnosticsManager] /usr/lib
2021-01-12 21:11:57.730+0000 INFO [o.n.k.i.DiagnosticsManager] System.properties:
2021-01-12 21:11:57.730+0000 INFO [o.n.k.i.DiagnosticsManager] sun.boot.library.path = /usr/lib/jvm/java-1.8-openjdk/jre/lib/amd64
2021-01-12 21:11:57.730+0000 INFO [o.n.k.i.DiagnosticsManager] jdk.tls.rejectClientInitiatedRenegotiation = true
2021-01-12 21:11:57.730+0000 INFO [o.n.k.i.DiagnosticsManager] path.separator = :
2021-01-12 21:11:57.730+0000 INFO [o.n.k.i.DiagnosticsManager] file.encoding.pkg = sun.io
2021-01-12 21:11:57.730+0000 INFO [o.n.k.i.DiagnosticsManager] user.country = US
2021-01-12 21:11:57.730+0000 INFO [o.n.k.i.DiagnosticsManager] sun.java.launcher = SUN_STANDARD
2021-01-12 21:11:57.730+0000 INFO [o.n.k.i.DiagnosticsManager] sun.os.patch.level = unknown
2021-01-12 21:11:57.730+0000 INFO [o.n.k.i.DiagnosticsManager] user.dir = /var/lib/neo4j
2021-01-12 21:11:57.731+0000 INFO [o.n.k.i.DiagnosticsManager] sun.jnu.encoding = UTF-8
2021-01-12 21:11:57.731+0000 INFO [o.n.k.i.DiagnosticsManager] unsupported.dbms.udc.source = tarball
2021-01-12 21:11:57.731+0000 INFO [o.n.k.i.DiagnosticsManager] sun.management.compiler = HotSpot 64-Bit Tiered Compilers
2021-01-12 21:11:57.731+0000 INFO [o.n.k.i.DiagnosticsManager] user.home = /var/lib/neo4j
2021-01-12 21:11:57.731+0000 INFO [o.n.k.i.DiagnosticsManager] user.timezone = GMT
2021-01-12 21:11:57.731+0000 INFO [o.n.k.i.DiagnosticsManager] file.encoding = UTF-8
2021-01-12 21:11:57.731+0000 INFO [o.n.k.i.DiagnosticsManager] user.name = neo4j
2021-01-12 21:11:57.731+0000 INFO [o.n.k.i.DiagnosticsManager] sun.java.command = org.neo4j.server.CommunityEntryPoint --home-dir=/var/lib/neo4j --config-dir=/var/lib/neo4j/conf
2021-01-12 21:11:57.731+0000 INFO [o.n.k.i.DiagnosticsManager] sun.arch.data.model = 64
2021-01-12 21:11:57.731+0000 INFO [o.n.k.i.DiagnosticsManager] user.language = en
2021-01-12 21:11:57.731+0000 INFO [o.n.k.i.DiagnosticsManager] awt.toolkit = sun.awt.X11.XToolkit
2021-01-12 21:11:57.731+0000 INFO [o.n.k.i.DiagnosticsManager] jdk.tls.ephemeralDHKeySize = 2048
2021-01-12 21:11:57.731+0000 INFO [o.n.k.i.DiagnosticsManager] file.separator = /
2021-01-12 21:11:57.731+0000 INFO [o.n.k.i.DiagnosticsManager] sun.io.unicode.encoding = UnicodeLittle
2021-01-12 21:11:57.731+0000 INFO [o.n.k.i.DiagnosticsManager] sun.cpu.endian = little
2021-01-12 21:11:57.731+0000 INFO [o.n.k.i.DiagnosticsManager] sun.cpu.isalist = 
2021-01-12 21:11:57.731+0000 INFO [o.n.k.i.DiagnosticsManager] (IANA) TimeZone Database Version:
2021-01-12 21:11:57.755+0000 INFO [o.n.k.i.DiagnosticsManager]   TimeZone version: 2018g (available for 599 zone identifiers)
2021-01-12 21:11:57.755+0000 INFO [o.n.k.i.DiagnosticsManager] Linux scheduler information:
2021-01-12 21:11:57.764+0000 INFO [o.n.k.i.DiagnosticsManager] [none] 
2021-01-12 21:11:57.764+0000 INFO [o.n.k.i.DiagnosticsManager] none
2021-01-12 21:11:57.764+0000 INFO [o.n.k.i.DiagnosticsManager] none
2021-01-12 21:11:57.764+0000 INFO [o.n.k.i.DiagnosticsManager] [noop] 
2021-01-12 21:11:57.765+0000 INFO [o.n.k.i.DiagnosticsManager] none
2021-01-12 21:11:57.765+0000 INFO [o.n.k.i.DiagnosticsManager] [none] 
2021-01-12 21:11:57.765+0000 INFO [o.n.k.i.DiagnosticsManager] none
2021-01-12 21:11:57.765+0000 INFO [o.n.k.i.DiagnosticsManager] none
2021-01-12 21:11:57.766+0000 INFO [o.n.k.i.DiagnosticsManager] [none] 
2021-01-12 21:11:57.766+0000 INFO [o.n.k.i.DiagnosticsManager] none
2021-01-12 21:11:57.766+0000 INFO [o.n.k.i.DiagnosticsManager] none
2021-01-12 21:11:57.766+0000 INFO [o.n.k.i.DiagnosticsManager] [none] 
2021-01-12 21:11:57.767+0000 INFO [o.n.k.i.DiagnosticsManager] none
2021-01-12 21:11:57.767+0000 INFO [o.n.k.i.DiagnosticsManager] none
2021-01-12 21:11:57.767+0000 INFO [o.n.k.i.DiagnosticsManager] [none] 
2021-01-12 21:11:57.767+0000 INFO [o.n.k.i.DiagnosticsManager] none
2021-01-12 21:11:57.768+0000 INFO [o.n.k.i.DiagnosticsManager] [noop] 
2021-01-12 21:11:57.768+0000 INFO [o.n.k.i.DiagnosticsManager] [none] 
2021-01-12 21:11:57.768+0000 INFO [o.n.k.i.DiagnosticsManager] none
2021-01-12 21:11:57.769+0000 INFO [o.n.k.i.DiagnosticsManager] [noop] 
2021-01-12 21:11:57.769+0000 INFO [o.n.k.i.DiagnosticsManager] none
2021-01-12 21:11:57.769+0000 INFO [o.n.k.i.DiagnosticsManager] [none] 
2021-01-12 21:11:57.769+0000 INFO [o.n.k.i.DiagnosticsManager] none
2021-01-12 21:11:57.769+0000 INFO [o.n.k.i.DiagnosticsManager] none
2021-01-12 21:11:57.769+0000 INFO [o.n.k.i.DiagnosticsManager] [none] 
2021-01-12 21:11:57.770+0000 INFO [o.n.k.i.DiagnosticsManager] none
2021-01-12 21:11:57.770+0000 INFO [o.n.k.i.DiagnosticsManager] none
2021-01-12 21:11:57.770+0000 INFO [o.n.k.i.DiagnosticsManager] Network information:
2021-01-12 21:11:57.772+0000 INFO [o.n.k.i.DiagnosticsManager] Interface eth0:
2021-01-12 21:11:57.772+0000 INFO [o.n.k.i.DiagnosticsManager]     address: 172.25.0.7
2021-01-12 21:11:57.772+0000 INFO [o.n.k.i.DiagnosticsManager] Interface lo:
2021-01-12 21:11:57.772+0000 INFO [o.n.k.i.DiagnosticsManager]     address: 127.0.0.1
2021-01-12 21:11:57.772+0000 INFO [o.n.k.i.DiagnosticsManager] --- INITIALIZED diagnostics END ---
2021-01-12 21:11:57.900+0000 INFO [o.n.b.BoltKernelExtension] Bolt Server extension loaded.
2021-01-12 21:11:58.042+0000 INFO [o.n.k.i.s.f.RecordFormatSelector] Selected format 'RecordFormat:StandardV3_4[v0.A.9]' for the new store
2021-01-12 21:11:58.757+0000 INFO [o.n.k.i.i.l.NativeLabelScanStore] No label index found, this might just be first use. Preparing to rebuild.
2021-01-12 21:11:58.787+0000 INFO [o.n.k.NeoStoreDataSource] Rotated to transaction log [/var/lib/neo4j/data/databases/graph.db/neostore.transaction.db.0] version=0, last transaction in previous log=1
2021-01-12 21:11:58.789+0000 INFO [o.n.k.NeoStoreDataSource] No commits found after last check point (which is at <no log position given>)
2021-01-12 21:11:58.796+0000 WARN [o.n.k.i.s.MetaDataStore] Missing counts store, rebuilding it.
2021-01-12 21:11:58.867+0000 WARN [o.n.k.i.s.MetaDataStore] Counts store rebuild completed.
2021-01-12 21:11:58.890+0000 INFO [o.n.k.i.i.l.NativeLabelScanStore] Rebuilding label index, this may take a while
2021-01-12 21:11:58.896+0000 INFO [o.n.k.i.i.l.NativeLabelScanStore] Label index rebuilt (roughly 0 nodes)
2021-01-12 21:11:58.911+0000 INFO [o.n.k.i.DatabaseHealth] Database health set to OK
2021-01-12 21:11:59.144+0000 INFO [o.n.b.BoltKernelExtension] Bolt enabled on 0.0.0.0:7687.
2021-01-12 21:11:59.177+0000 INFO [o.n.k.AvailabilityGuard] Fulfilling of requirement makes database available: Database available
2021-01-12 21:11:59.178+0000 INFO [o.n.k.i.f.GraphDatabaseFacadeFactory] Database is now ready
2021-01-12 21:11:59.180+0000 INFO [o.n.k.i.DiagnosticsManager] --- STARTED diagnostics for KernelDiagnostics:Versions START ---
2021-01-12 21:11:59.181+0000 INFO [o.n.k.i.DiagnosticsManager] Graph Database: community single StoreId{creationTime=1610485918664, randomId=-8348379952396888301, storeVersion=16094931155187206, upgradeTime=1610485918664, upgradeId=1}
2021-01-12 21:11:59.182+0000 INFO [o.n.k.i.DiagnosticsManager] Kernel version: 3.4.9,07b351edac667f6381c0e11250a9961a9972fa3a
2021-01-12 21:11:59.183+0000 INFO [o.n.k.i.DiagnosticsManager] --- STARTED diagnostics for KernelDiagnostics:Versions END ---
2021-01-12 21:11:59.185+0000 INFO [o.n.k.i.DiagnosticsManager] --- STARTED diagnostics for NEO_STORE_VERSIONS START ---
2021-01-12 21:11:59.186+0000 INFO [o.n.k.i.DiagnosticsManager] Store versions:
2021-01-12 21:11:59.186+0000 INFO [o.n.k.i.DiagnosticsManager] Store versions:
2021-01-12 21:11:59.187+0000 INFO [o.n.k.i.DiagnosticsManager]   ArrayPropertyStore v0.A.9
2021-01-12 21:11:59.188+0000 INFO [o.n.k.i.DiagnosticsManager]   NodeStore v0.A.9
2021-01-12 21:11:59.189+0000 INFO [o.n.k.i.DiagnosticsManager]   StringPropertyStore v0.A.9
2021-01-12 21:11:59.190+0000 INFO [o.n.k.i.DiagnosticsManager]   PropertyIndexStore v0.A.9
2021-01-12 21:11:59.190+0000 INFO [o.n.k.i.DiagnosticsManager]   StringPropertyStore v0.A.9
2021-01-12 21:11:59.191+0000 INFO [o.n.k.i.DiagnosticsManager]   ArrayPropertyStore v0.A.9
2021-01-12 21:11:59.192+0000 INFO [o.n.k.i.DiagnosticsManager]   PropertyStore v0.A.9
2021-01-12 21:11:59.193+0000 INFO [o.n.k.i.DiagnosticsManager]   RelationshipStore v0.A.9
2021-01-12 21:11:59.193+0000 INFO [o.n.k.i.DiagnosticsManager]   StringPropertyStore v0.A.9
2021-01-12 21:11:59.194+0000 INFO [o.n.k.i.DiagnosticsManager]   RelationshipTypeStore v0.A.9
2021-01-12 21:11:59.195+0000 INFO [o.n.k.i.DiagnosticsManager]   StringPropertyStore v0.A.9
2021-01-12 21:11:59.196+0000 INFO [o.n.k.i.DiagnosticsManager]   LabelTokenStore v0.A.9
2021-01-12 21:11:59.196+0000 INFO [o.n.k.i.DiagnosticsManager]   SchemaStore v0.A.9
2021-01-12 21:11:59.197+0000 INFO [o.n.k.i.DiagnosticsManager]   RelationshipGroupStore v0.A.9
2021-01-12 21:11:59.198+0000 INFO [o.n.k.i.DiagnosticsManager]   NeoStore v0.A.9
2021-01-12 21:11:59.199+0000 INFO [o.n.k.i.DiagnosticsManager] --- STARTED diagnostics for NEO_STORE_VERSIONS END ---
2021-01-12 21:11:59.199+0000 INFO [o.n.k.i.DiagnosticsManager] --- STARTED diagnostics for NEO_STORE_ID_USAGE START ---
2021-01-12 21:11:59.200+0000 INFO [o.n.k.i.DiagnosticsManager] Id usage:
2021-01-12 21:11:59.201+0000 INFO [o.n.k.i.DiagnosticsManager] Id usage:
2021-01-12 21:11:59.202+0000 INFO [o.n.k.i.DiagnosticsManager]   ArrayPropertyStore: used=1 high=0
2021-01-12 21:11:59.203+0000 INFO [o.n.k.i.DiagnosticsManager]   NodeStore: used=0 high=-1
2021-01-12 21:11:59.203+0000 INFO [o.n.k.i.DiagnosticsManager]   StringPropertyStore: used=1 high=0
2021-01-12 21:11:59.204+0000 INFO [o.n.k.i.DiagnosticsManager]   PropertyIndexStore: used=0 high=-1
2021-01-12 21:11:59.205+0000 INFO [o.n.k.i.DiagnosticsManager]   StringPropertyStore: used=1 high=0
2021-01-12 21:11:59.206+0000 INFO [o.n.k.i.DiagnosticsManager]   ArrayPropertyStore: used=1 high=0
2021-01-12 21:11:59.206+0000 INFO [o.n.k.i.DiagnosticsManager]   PropertyStore: used=0 high=-1
2021-01-12 21:11:59.207+0000 INFO [o.n.k.i.DiagnosticsManager]   RelationshipStore: used=0 high=-1
2021-01-12 21:11:59.208+0000 INFO [o.n.k.i.DiagnosticsManager]   StringPropertyStore: used=1 high=0
2021-01-12 21:11:59.209+0000 INFO [o.n.k.i.DiagnosticsManager]   RelationshipTypeStore: used=0 high=-1
2021-01-12 21:11:59.209+0000 INFO [o.n.k.i.DiagnosticsManager]   StringPropertyStore: used=1 high=0
2021-01-12 21:11:59.210+0000 INFO [o.n.k.i.DiagnosticsManager]   LabelTokenStore: used=0 high=-1
2021-01-12 21:11:59.211+0000 INFO [o.n.k.i.DiagnosticsManager]   SchemaStore: used=1 high=0
2021-01-12 21:11:59.212+0000 INFO [o.n.k.i.DiagnosticsManager]   RelationshipGroupStore: used=1 high=0
2021-01-12 21:11:59.212+0000 INFO [o.n.k.i.DiagnosticsManager]   NeoStore: used=15 high=14
2021-01-12 21:11:59.213+0000 INFO [o.n.k.i.DiagnosticsManager] --- STARTED diagnostics for NEO_STORE_ID_USAGE END ---
2021-01-12 21:11:59.214+0000 INFO [o.n.k.i.DiagnosticsManager] --- STARTED diagnostics for NEO_STORE_RECORDS START ---
2021-01-12 21:11:59.215+0000 INFO [o.n.k.i.DiagnosticsManager] Neostore records:
2021-01-12 21:11:59.216+0000 INFO [o.n.k.i.DiagnosticsManager] TIME (Creation time): 1610485918664
2021-01-12 21:11:59.217+0000 INFO [o.n.k.i.DiagnosticsManager] RANDOM_NUMBER (Random number for store id): -8348379952396888301
2021-01-12 21:11:59.218+0000 INFO [o.n.k.i.DiagnosticsManager] LOG_VERSION (Current log version): 0
2021-01-12 21:11:59.218+0000 INFO [o.n.k.i.DiagnosticsManager] LAST_TRANSACTION_ID (Last committed transaction): 1
2021-01-12 21:11:59.219+0000 INFO [o.n.k.i.DiagnosticsManager] STORE_VERSION (Store format version): 16094931155187206
2021-01-12 21:11:59.220+0000 INFO [o.n.k.i.DiagnosticsManager] FIRST_GRAPH_PROPERTY (First property record containing graph properties): -1
2021-01-12 21:11:59.221+0000 INFO [o.n.k.i.DiagnosticsManager] LAST_CONSTRAINT_TRANSACTION (Last committed transaction containing constraint changes): 0
2021-01-12 21:11:59.221+0000 INFO [o.n.k.i.DiagnosticsManager] UPGRADE_TRANSACTION_ID (Transaction id most recent upgrade was performed at): 1
2021-01-12 21:11:59.222+0000 INFO [o.n.k.i.DiagnosticsManager] UPGRADE_TIME (Time of last upgrade): 1610485918664
2021-01-12 21:11:59.223+0000 INFO [o.n.k.i.DiagnosticsManager] LAST_TRANSACTION_CHECKSUM (Checksum of last committed transaction): 0
2021-01-12 21:11:59.224+0000 INFO [o.n.k.i.DiagnosticsManager] UPGRADE_TRANSACTION_CHECKSUM (Checksum of transaction id the most recent upgrade was performed at): 0
2021-01-12 21:11:59.224+0000 INFO [o.n.k.i.DiagnosticsManager] LAST_CLOSED_TRANSACTION_LOG_VERSION (Log version where the last transaction commit entry has been written into): 0
2021-01-12 21:11:59.225+0000 INFO [o.n.k.i.DiagnosticsManager] LAST_CLOSED_TRANSACTION_LOG_BYTE_OFFSET (Byte offset in the log file where the last transaction commit entry has been written into): 16
2021-01-12 21:11:59.226+0000 INFO [o.n.k.i.DiagnosticsManager] LAST_TRANSACTION_COMMIT_TIMESTAMP (Commit time timestamp for last committed transaction): 0
2021-01-12 21:11:59.227+0000 INFO [o.n.k.i.DiagnosticsManager] UPGRADE_TRANSACTION_COMMIT_TIMESTAMP (Commit timestamp of transaction the most recent upgrade was performed at): 0
2021-01-12 21:11:59.227+0000 INFO [o.n.k.i.DiagnosticsManager] --- STARTED diagnostics for NEO_STORE_RECORDS END ---
2021-01-12 21:11:59.229+0000 INFO [o.n.k.i.DiagnosticsManager] --- STARTED diagnostics for TRANSACTION_RANGE START ---
2021-01-12 21:11:59.229+0000 INFO [o.n.k.i.DiagnosticsManager] Transaction log:
2021-01-12 21:11:59.232+0000 INFO [o.n.k.i.DiagnosticsManager] No transactions found in any log
2021-01-12 21:11:59.233+0000 INFO [o.n.k.i.DiagnosticsManager] --- STARTED diagnostics for TRANSACTION_RANGE END ---
2021-01-12 21:11:59.238+0000 INFO [o.n.k.i.DiagnosticsManager] --- STARTED diagnostics for KernelDiagnostics:StoreFiles START ---
2021-01-12 21:11:59.240+0000 INFO [o.n.k.i.DiagnosticsManager] Disk space on partition (Total / Free / Free %): 1023614644224 / 119608815616 / 11
2021-01-12 21:11:59.240+0000 INFO [o.n.k.i.DiagnosticsManager] Storage files: (filename : modification date - size)
2021-01-12 21:11:59.243+0000 INFO [o.n.k.i.DiagnosticsManager]   index:
2021-01-12 21:11:59.247+0000 INFO [o.n.k.i.DiagnosticsManager]   - Total: 2021-01-12T21:12:01+0000 - 0.00 B
2021-01-12 21:11:59.248+0000 INFO [o.n.k.i.DiagnosticsManager]   neostore: 2021-01-12T21:12:01+0000 - 8.00 kB
2021-01-12 21:11:59.250+0000 INFO [o.n.k.i.DiagnosticsManager]   neostore.counts.db.a: 2021-01-12T21:12:01+0000 - 96.00 B
2021-01-12 21:11:59.251+0000 INFO [o.n.k.i.DiagnosticsManager]   neostore.id: 2021-01-12T21:12:01+0000 - 9.00 B
2021-01-12 21:11:59.253+0000 INFO [o.n.k.i.DiagnosticsManager]   neostore.labelscanstore.db: 2021-01-12T21:12:01+0000 - 40.00 kB
2021-01-12 21:11:59.254+0000 INFO [o.n.k.i.DiagnosticsManager]   neostore.labeltokenstore.db: 2021-01-12T21:12:01+0000 - 0.00 B
2021-01-12 21:11:59.255+0000 INFO [o.n.k.i.DiagnosticsManager]   neostore.labeltokenstore.db.id: 2021-01-12T21:12:01+0000 - 9.00 B
2021-01-12 21:11:59.257+0000 INFO [o.n.k.i.DiagnosticsManager]   neostore.labeltokenstore.db.names: 2021-01-12T21:12:01+0000 - 8.00 kB
2021-01-12 21:11:59.258+0000 INFO [o.n.k.i.DiagnosticsManager]   neostore.labeltokenstore.db.names.id: 2021-01-12T21:12:01+0000 - 9.00 B
2021-01-12 21:11:59.259+0000 INFO [o.n.k.i.DiagnosticsManager]   neostore.nodestore.db: 2021-01-12T21:12:00+0000 - 0.00 B
2021-01-12 21:11:59.261+0000 INFO [o.n.k.i.DiagnosticsManager]   neostore.nodestore.db.id: 2021-01-12T21:12:00+0000 - 9.00 B
2021-01-12 21:11:59.262+0000 INFO [o.n.k.i.DiagnosticsManager]   neostore.nodestore.db.labels: 2021-01-12T21:12:00+0000 - 8.00 kB
2021-01-12 21:11:59.263+0000 INFO [o.n.k.i.DiagnosticsManager]   neostore.nodestore.db.labels.id: 2021-01-12T21:12:00+0000 - 9.00 B
2021-01-12 21:11:59.265+0000 INFO [o.n.k.i.DiagnosticsManager]   neostore.propertystore.db: 2021-01-12T21:12:01+0000 - 0.00 B
2021-01-12 21:11:59.266+0000 INFO [o.n.k.i.DiagnosticsManager]   neostore.propertystore.db.arrays: 2021-01-12T21:12:01+0000 - 8.00 kB
2021-01-12 21:11:59.267+0000 INFO [o.n.k.i.DiagnosticsManager]   neostore.propertystore.db.arrays.id: 2021-01-12T21:12:01+0000 - 9.00 B
2021-01-12 21:11:59.269+0000 INFO [o.n.k.i.DiagnosticsManager]   neostore.propertystore.db.id: 2021-01-12T21:12:01+0000 - 9.00 B
2021-01-12 21:11:59.270+0000 INFO [o.n.k.i.DiagnosticsManager]   neostore.propertystore.db.index: 2021-01-12T21:12:01+0000 - 0.00 B
2021-01-12 21:11:59.272+0000 INFO [o.n.k.i.DiagnosticsManager]   neostore.propertystore.db.index.id: 2021-01-12T21:12:01+0000 - 9.00 B
2021-01-12 21:11:59.273+0000 INFO [o.n.k.i.DiagnosticsManager]   neostore.propertystore.db.index.keys: 2021-01-12T21:12:00+0000 - 8.00 kB
2021-01-12 21:11:59.274+0000 INFO [o.n.k.i.DiagnosticsManager]   neostore.propertystore.db.index.keys.id: 2021-01-12T21:12:00+0000 - 9.00 B
2021-01-12 21:11:59.276+0000 INFO [o.n.k.i.DiagnosticsManager]   neostore.propertystore.db.strings: 2021-01-12T21:12:01+0000 - 8.00 kB
2021-01-12 21:11:59.277+0000 INFO [o.n.k.i.DiagnosticsManager]   neostore.propertystore.db.strings.id: 2021-01-12T21:12:01+0000 - 9.00 B
2021-01-12 21:11:59.278+0000 INFO [o.n.k.i.DiagnosticsManager]   neostore.relationshipgroupstore.db: 2021-01-12T21:12:01+0000 - 8.00 kB
2021-01-12 21:11:59.280+0000 INFO [o.n.k.i.DiagnosticsManager]   neostore.relationshipgroupstore.db.id: 2021-01-12T21:12:01+0000 - 9.00 B
2021-01-12 21:11:59.281+0000 INFO [o.n.k.i.DiagnosticsManager]   neostore.relationshipstore.db: 2021-01-12T21:12:01+0000 - 0.00 B
2021-01-12 21:11:59.282+0000 INFO [o.n.k.i.DiagnosticsManager]   neostore.relationshipstore.db.id: 2021-01-12T21:12:01+0000 - 9.00 B
2021-01-12 21:11:59.284+0000 INFO [o.n.k.i.DiagnosticsManager]   neostore.relationshiptypestore.db: 2021-01-12T21:12:01+0000 - 0.00 B
2021-01-12 21:11:59.285+0000 INFO [o.n.k.i.DiagnosticsManager]   neostore.relationshiptypestore.db.id: 2021-01-12T21:12:01+0000 - 9.00 B
2021-01-12 21:11:59.287+0000 INFO [o.n.k.i.DiagnosticsManager]   neostore.relationshiptypestore.db.names: 2021-01-12T21:12:01+0000 - 8.00 kB
2021-01-12 21:11:59.288+0000 INFO [o.n.k.i.DiagnosticsManager]   neostore.relationshiptypestore.db.names.id: 2021-01-12T21:12:01+0000 - 9.00 B
2021-01-12 21:11:59.290+0000 INFO [o.n.k.i.DiagnosticsManager]   neostore.schemastore.db: 2021-01-12T21:12:01+0000 - 8.00 kB
2021-01-12 21:11:59.291+0000 INFO [o.n.k.i.DiagnosticsManager]   neostore.schemastore.db.id: 2021-01-12T21:12:01+0000 - 9.00 B
2021-01-12 21:11:59.293+0000 INFO [o.n.k.i.DiagnosticsManager]   neostore.transaction.db.0: 2021-01-12T21:12:01+0000 - 16.00 B
2021-01-12 21:11:59.295+0000 INFO [o.n.k.i.DiagnosticsManager]   store_lock: 2021-01-12T21:12:00+0000 - 0.00 B
2021-01-12 21:11:59.295+0000 INFO [o.n.k.i.DiagnosticsManager] Storage summary: 
2021-01-12 21:11:59.296+0000 INFO [o.n.k.i.DiagnosticsManager]   Total size of store: 112.24 kB
2021-01-12 21:11:59.297+0000 INFO [o.n.k.i.DiagnosticsManager]   Total size of mapped files: 112.00 kB
2021-01-12 21:11:59.298+0000 INFO [o.n.k.i.DiagnosticsManager] --- STARTED diagnostics for KernelDiagnostics:StoreFiles END ---
2021-01-12 21:12:00.760+0000 INFO [o.n.k.i.DiagnosticsManager] --- SERVER STARTED START ---
2021-01-12 21:12:01.520+0000 INFO [o.n.k.i.DiagnosticsManager] --- SERVER STARTED END ---
2021-01-12 22:28:27.504+0000 INFO [o.n.k.i.f.CommunityEditionModule] No locking implementation specified, defaulting to 'community'
2021-01-12 22:28:28.383+0000 INFO [o.n.k.AvailabilityGuard] Requirement makes database unavailable: Database available
2021-01-12 22:28:28.480+0000 INFO [o.n.k.i.DiagnosticsManager] --- INITIALIZED diagnostics START ---
2021-01-12 22:28:28.480+0000 INFO [o.n.k.i.DiagnosticsManager] Neo4j Kernel properties:
2021-01-12 22:28:28.482+0000 INFO [o.n.k.i.DiagnosticsManager] dbms.connector.http.enabled=true
2021-01-12 22:28:28.482+0000 INFO [o.n.k.i.DiagnosticsManager] causal_clustering.discovery_listen_address=0.0.0.0:5000
2021-01-12 22:28:28.482+0000 INFO [o.n.k.i.DiagnosticsManager] dbms.security.auth_enabled=true
2021-01-12 22:28:28.482+0000 INFO [o.n.k.i.DiagnosticsManager] dbms.connector.http.listen_address=0.0.0.0:7474
2021-01-12 22:28:28.482+0000 INFO [o.n.k.i.DiagnosticsManager] unsupported.dbms.directories.neo4j_home=/var/lib/neo4j
2021-01-12 22:28:28.482+0000 INFO [o.n.k.i.DiagnosticsManager] causal_clustering.raft_advertised_address=40fa79f1a074:7000
2021-01-12 22:28:28.482+0000 INFO [o.n.k.i.DiagnosticsManager] dbms.directories.import=import
2021-01-12 22:28:28.483+0000 INFO [o.n.k.i.DiagnosticsManager] dbms.memory.heap.initial_size=512M
2021-01-12 22:28:28.483+0000 INFO [o.n.k.i.DiagnosticsManager] causal_clustering.raft_listen_address=0.0.0.0:7000
2021-01-12 22:28:28.483+0000 INFO [o.n.k.i.DiagnosticsManager] ha.host.coordination=40fa79f1a074:5001
2021-01-12 22:28:28.483+0000 INFO [o.n.k.i.DiagnosticsManager] dbms.connector.https.enabled=true
2021-01-12 22:28:28.483+0000 INFO [o.n.k.i.DiagnosticsManager] dbms.jvm.additional=-Dunsupported.dbms.udc.source=tarball
2021-01-12 22:28:28.483+0000 INFO [o.n.k.i.DiagnosticsManager] dbms.tx_log.rotation.retention_policy=100M size
2021-01-12 22:28:28.483+0000 INFO [o.n.k.i.DiagnosticsManager] dbms.memory.heap.max_size=512M
2021-01-12 22:28:28.483+0000 INFO [o.n.k.i.DiagnosticsManager] dbms.connectors.default_listen_address=0.0.0.0
2021-01-12 22:28:28.484+0000 INFO [o.n.k.i.DiagnosticsManager] EDITION=community
2021-01-12 22:28:28.484+0000 INFO [o.n.k.i.DiagnosticsManager] dbms.windows_service_name=neo4j
2021-01-12 22:28:28.484+0000 INFO [o.n.k.i.DiagnosticsManager] dbms.connector.https.listen_address=0.0.0.0:7473
2021-01-12 22:28:28.484+0000 INFO [o.n.k.i.DiagnosticsManager] dbms.connector.bolt.listen_address=0.0.0.0:7687
2021-01-12 22:28:28.484+0000 INFO [o.n.k.i.DiagnosticsManager] causal_clustering.transaction_advertised_address=40fa79f1a074:6000
2021-01-12 22:28:28.484+0000 INFO [o.n.k.i.DiagnosticsManager] causal_clustering.discovery_advertised_address=40fa79f1a074:5000
2021-01-12 22:28:28.484+0000 INFO [o.n.k.i.DiagnosticsManager] dbms.memory.pagecache.size=512M
2021-01-12 22:28:28.491+0000 INFO [o.n.k.i.DiagnosticsManager] ha.host.data=40fa79f1a074:6001
2021-01-12 22:28:28.491+0000 INFO [o.n.k.i.DiagnosticsManager] unsupported.dbms.edition=community
2021-01-12 22:28:28.491+0000 INFO [o.n.k.i.DiagnosticsManager] dbms.directories.logs=/logs
2021-01-12 22:28:28.492+0000 INFO [o.n.k.i.DiagnosticsManager] dbms.connector.bolt.enabled=true
2021-01-12 22:28:28.492+0000 INFO [o.n.k.i.DiagnosticsManager] causal_clustering.transaction_listen_address=0.0.0.0:6000
2021-01-12 22:28:28.492+0000 INFO [o.n.k.i.DiagnosticsManager] wrapper.java.additional=-Dneo4j.ext.udc.source=docker
2021-01-12 22:28:28.492+0000 INFO [o.n.k.i.DiagnosticsManager] Diagnostics providers:
2021-01-12 22:28:28.492+0000 INFO [o.n.k.i.DiagnosticsManager] org.neo4j.kernel.configuration.Config
2021-01-12 22:28:28.492+0000 INFO [o.n.k.i.DiagnosticsManager] org.neo4j.kernel.info.DiagnosticsManager
2021-01-12 22:28:28.492+0000 INFO [o.n.k.i.DiagnosticsManager] SYSTEM_MEMORY
2021-01-12 22:28:28.492+0000 INFO [o.n.k.i.DiagnosticsManager] JAVA_MEMORY
2021-01-12 22:28:28.493+0000 INFO [o.n.k.i.DiagnosticsManager] OPERATING_SYSTEM
2021-01-12 22:28:28.493+0000 INFO [o.n.k.i.DiagnosticsManager] JAVA_VIRTUAL_MACHINE
2021-01-12 22:28:28.493+0000 INFO [o.n.k.i.DiagnosticsManager] CLASSPATH
2021-01-12 22:28:28.493+0000 INFO [o.n.k.i.DiagnosticsManager] LIBRARY_PATH
2021-01-12 22:28:28.493+0000 INFO [o.n.k.i.DiagnosticsManager] SYSTEM_PROPERTIES
2021-01-12 22:28:28.493+0000 INFO [o.n.k.i.DiagnosticsManager] TIMEZONE_DATABASE
2021-01-12 22:28:28.493+0000 INFO [o.n.k.i.DiagnosticsManager] LINUX_SCHEDULERS
2021-01-12 22:28:28.493+0000 INFO [o.n.k.i.DiagnosticsManager] NETWORK
2021-01-12 22:28:28.493+0000 INFO [o.n.k.i.DiagnosticsManager] System memory information:
2021-01-12 22:28:28.557+0000 INFO [o.n.k.i.DiagnosticsManager] Total Physical memory: 987.21 MB
2021-01-12 22:28:28.559+0000 INFO [o.n.k.i.DiagnosticsManager] Free Physical memory: 84.84 MB
2021-01-12 22:28:28.559+0000 INFO [o.n.k.i.DiagnosticsManager] Committed virtual memory: 1.92 GB
2021-01-12 22:28:28.560+0000 INFO [o.n.k.i.DiagnosticsManager] Total swap space: 512.00 MB
2021-01-12 22:28:28.560+0000 INFO [o.n.k.i.DiagnosticsManager] Free swap space: 437.25 MB
2021-01-12 22:28:28.563+0000 INFO [o.n.k.i.DiagnosticsManager] JVM memory information:
2021-01-12 22:28:28.563+0000 INFO [o.n.k.i.DiagnosticsManager] Free  memory: 500.29 MB
2021-01-12 22:28:28.563+0000 INFO [o.n.k.i.DiagnosticsManager] Total memory: 512.00 MB
2021-01-12 22:28:28.563+0000 INFO [o.n.k.i.DiagnosticsManager] Max   memory: 512.00 MB
2021-01-12 22:28:28.576+0000 INFO [o.n.k.i.DiagnosticsManager] Garbage Collector: G1 Young Generation: [G1 Eden Space, G1 Survivor Space, G1 Old Gen]
2021-01-12 22:28:28.576+0000 INFO [o.n.k.i.DiagnosticsManager] Garbage Collector: G1 Old Generation: [G1 Eden Space, G1 Survivor Space, G1 Old Gen]
2021-01-12 22:28:28.577+0000 INFO [o.n.k.i.DiagnosticsManager] Memory Pool: Code Cache (Non-heap memory): committed=5.44 MB, used=5.37 MB, max=240.00 MB, threshold=0.00 B
2021-01-12 22:28:28.577+0000 INFO [o.n.k.i.DiagnosticsManager] Memory Pool: Metaspace (Non-heap memory): committed=16.38 MB, used=15.54 MB, max=-1.00 B, threshold=0.00 B
2021-01-12 22:28:28.577+0000 INFO [o.n.k.i.DiagnosticsManager] Memory Pool: Compressed Class Space (Non-heap memory): committed=2.13 MB, used=1.89 MB, max=1.00 GB, threshold=0.00 B
2021-01-12 22:28:28.578+0000 INFO [o.n.k.i.DiagnosticsManager] Memory Pool: G1 Eden Space (Heap memory): committed=33.00 MB, used=0.00 B, max=-1.00 B, threshold=?
2021-01-12 22:28:28.578+0000 INFO [o.n.k.i.DiagnosticsManager] Memory Pool: G1 Survivor Space (Heap memory): committed=4.00 MB, used=4.00 MB, max=-1.00 B, threshold=?
2021-01-12 22:28:28.578+0000 INFO [o.n.k.i.DiagnosticsManager] Memory Pool: G1 Old Gen (Heap memory): committed=475.00 MB, used=7.00 MB, max=512.00 MB, threshold=0.00 B
2021-01-12 22:28:28.578+0000 INFO [o.n.k.i.DiagnosticsManager] Operating system information:
2021-01-12 22:28:28.579+0000 INFO [o.n.k.i.DiagnosticsManager] Operating System: Linux; version: 4.19.0-13-amd64; arch: amd64; cpus: 1
2021-01-12 22:28:28.579+0000 INFO [o.n.k.i.DiagnosticsManager] Max number of file descriptors: 1048576
2021-01-12 22:28:28.579+0000 INFO [o.n.k.i.DiagnosticsManager] Number of open file descriptors: 113
2021-01-12 22:28:28.588+0000 INFO [o.n.k.i.DiagnosticsManager] Process id: 6@40fa79f1a074
2021-01-12 22:28:28.588+0000 INFO [o.n.k.i.DiagnosticsManager] Byte order: LITTLE_ENDIAN
2021-01-12 22:28:28.607+0000 INFO [o.n.k.i.DiagnosticsManager] Local timezone: GMT
2021-01-12 22:28:28.607+0000 INFO [o.n.k.i.DiagnosticsManager] JVM information:
2021-01-12 22:28:28.607+0000 INFO [o.n.k.i.DiagnosticsManager] VM Name: OpenJDK 64-Bit Server VM
2021-01-12 22:28:28.608+0000 INFO [o.n.k.i.DiagnosticsManager] VM Vendor: IcedTea
2021-01-12 22:28:28.608+0000 INFO [o.n.k.i.DiagnosticsManager] VM Version: 25.212-b04
2021-01-12 22:28:28.609+0000 INFO [o.n.k.i.DiagnosticsManager] JIT compiler: HotSpot 64-Bit Tiered Compilers
2021-01-12 22:28:28.610+0000 INFO [o.n.k.i.DiagnosticsManager] VM Arguments: [-Xms512M, -Xmx512M, -XX:+UseG1GC, -XX:-OmitStackTraceInFastThrow, -XX:+AlwaysPreTouch, -XX:+UnlockExperimentalVMOptions, -XX:+TrustFinalNonStaticFields, -XX:+DisableExplicitGC, -Djdk.tls.ephemeralDHKeySize=2048, -Djdk.tls.rejectClientInitiatedRenegotiation=true, -Dunsupported.dbms.udc.source=tarball, -Dfile.encoding=UTF-8]
2021-01-12 22:28:28.613+0000 INFO [o.n.k.i.DiagnosticsManager] Java classpath:
2021-01-12 22:28:28.615+0000 INFO [o.n.k.i.DiagnosticsManager]  [classpath + loader.0] file:/var/lib/neo4j/lib/neo4j-primitive-collections-3.4.9.jar
2021-01-12 22:28:28.615+0000 INFO [o.n.k.i.DiagnosticsManager]  [classpath + loader.0] file:/var/lib/neo4j/lib/neo4j-cypher-logical-plans-3.3-3.3.7.jar
2021-01-12 22:28:28.616+0000 INFO [o.n.k.i.DiagnosticsManager]  [classpath + loader.0] file:/var/lib/neo4j/lib/jackson-core-asl-1.9.13.jar
2021-01-12 22:28:28.616+0000 INFO [o.n.k.i.DiagnosticsManager]  [classpath + loader.0] file:/var/lib/neo4j/lib/neo4j-csv-3.4.9.jar
2021-01-12 22:28:28.616+0000 INFO [o.n.k.i.DiagnosticsManager]  [loader.1] file:/usr/lib/jvm/java-1.8-openjdk/jre/lib/ext/jaccess.jar
2021-01-12 22:28:28.616+0000 INFO [o.n.k.i.DiagnosticsManager]  [classpath + loader.0] file:/var/lib/neo4j/lib/neo4j-kernel-api-3.4.9.jar
2021-01-12 22:28:28.616+0000 INFO [o.n.k.i.DiagnosticsManager]  [classpath + loader.0] file:/var/lib/neo4j/lib/neo4j-cypher-compiler-3.3-3.3.7.jar
2021-01-12 22:28:28.616+0000 INFO [o.n.k.i.DiagnosticsManager]  [classpath + loader.0] file:/var/lib/neo4j/lib/concurrentlinkedhashmap-lru-1.4.2.jar
2021-01-12 22:28:28.616+0000 INFO [o.n.k.i.DiagnosticsManager]  [classpath + loader.0] file:/var/lib/neo4j/lib/neo4j-consistency-check-3.4.9.jar
2021-01-12 22:28:28.616+0000 INFO [o.n.k.i.DiagnosticsManager]  [classpath + loader.0] file:/var/lib/neo4j/lib/jPowerShell-1.9.jar
2021-01-12 22:28:28.616+0000 INFO [o.n.k.i.DiagnosticsManager]  [classpath + loader.0] file:/var/lib/neo4j/lib/neo4j-spatial-index-3.4.9.jar
2021-01-12 22:28:28.616+0000 INFO [o.n.k.i.DiagnosticsManager]  [classpath + loader.0] file:/var/lib/neo4j/lib/server-api-3.4.9.jar
2021-01-12 22:28:28.616+0000 INFO [o.n.k.i.DiagnosticsManager]  [classpath + loader.0] file:/var/lib/neo4j/lib/neo4j-cypher-logical-plans-3.4-3.4.9.jar
2021-01-12 22:28:28.616+0000 INFO [o.n.k.i.DiagnosticsManager]  [classpath + loader.0] file:/var/lib/neo4j/lib/neo4j-procedure-api-3.4.9.jar
2021-01-12 22:28:28.616+0000 INFO [o.n.k.i.DiagnosticsManager]  [classpath + loader.0] file:/var/lib/neo4j/lib/neo4j-graphdb-api-3.4.9.jar
2021-01-12 22:28:28.616+0000 INFO [o.n.k.i.DiagnosticsManager]  [classpath + loader.0] file:/var/lib/neo4j/lib/neo4j-codegen-3.4.9.jar
2021-01-12 22:28:28.629+0000 INFO [o.n.k.i.DiagnosticsManager]  [classpath + loader.0] file:/var/lib/neo4j/lib/neo4j-cypher-runtime-util-3.4.9.jar
2021-01-12 22:28:28.629+0000 INFO [o.n.k.i.DiagnosticsManager]  [classpath + loader.0] file:/var/lib/neo4j/lib/jersey-server-1.19.3.jar
2021-01-12 22:28:28.629+0000 INFO [o.n.k.i.DiagnosticsManager]  [bootstrap] /usr/lib/jvm/java-1.8-openjdk/jre/lib/jce.jar
2021-01-12 22:28:28.629+0000 INFO [o.n.k.i.DiagnosticsManager]  [classpath + loader.0] file:/var/lib/neo4j/lib/commons-compress-1.16.1.jar
2021-01-12 22:28:28.629+0000 INFO [o.n.k.i.DiagnosticsManager]  [classpath + loader.0] file:/var/lib/neo4j/lib/neo4j-resource-3.4.9.jar
2021-01-12 22:28:28.629+0000 INFO [o.n.k.i.DiagnosticsManager]  [classpath + loader.0] file:/var/lib/neo4j/lib/neo4j-configuration-3.4.9.jar
2021-01-12 22:28:28.629+0000 INFO [o.n.k.i.DiagnosticsManager]  [classpath + loader.0] file:/var/lib/neo4j/lib/neo4j-lucene-index-3.4.9.jar
2021-01-12 22:28:28.629+0000 INFO [o.n.k.i.DiagnosticsManager]  [classpath + loader.0] file:/var/lib/neo4j/lib/commons-io-2.6.jar
2021-01-12 22:28:28.629+0000 INFO [o.n.k.i.DiagnosticsManager]  [classpath + loader.0] file:/var/lib/neo4j/lib/jetty-util-9.4.11.v20180605.jar
2021-01-12 22:28:28.629+0000 INFO [o.n.k.i.DiagnosticsManager]  [classpath + loader.0] file:/var/lib/neo4j/lib/neo4j-io-3.4.9.jar
2021-01-12 22:28:28.629+0000 INFO [o.n.k.i.DiagnosticsManager]  [classpath + loader.0] file:/var/lib/neo4j/lib/jersey-core-1.19.3.jar
2021-01-12 22:28:28.629+0000 INFO [o.n.k.i.DiagnosticsManager]  [classpath + loader.0] file:/var/lib/neo4j/lib/commons-lang3-3.7.jar
2021-01-12 22:28:28.629+0000 INFO [o.n.k.i.DiagnosticsManager]  [classpath + loader.0] file:/var/lib/neo4j/lib/commons-configuration-1.10.jar
2021-01-12 22:28:28.629+0000 INFO [o.n.k.i.DiagnosticsManager]  [classpath + loader.0] file:/var/lib/neo4j/lib/neo4j-browser-3.2.10.jar
2021-01-12 22:28:28.630+0000 INFO [o.n.k.i.DiagnosticsManager]  [loader.1] file:/usr/lib/jvm/java-1.8-openjdk/jre/lib/ext/sunec.jar
2021-01-12 22:28:28.630+0000 INFO [o.n.k.i.DiagnosticsManager]  [classpath + loader.0] file:/var/lib/neo4j/lib/neo4j-command-line-3.4.9.jar
2021-01-12 22:28:28.630+0000 INFO [o.n.k.i.DiagnosticsManager]  [classpath + loader.0] file:/var/lib/neo4j/lib/neo4j-cypher-interpreted-runtime-3.4.9.jar
2021-01-12 22:28:28.630+0000 INFO [o.n.k.i.DiagnosticsManager]  [classpath + loader.0] file:/var/lib/neo4j/lib/jersey-servlet-1.19.3.jar
2021-01-12 22:28:28.630+0000 INFO [o.n.k.i.DiagnosticsManager]  [classpath + loader.0] file:/var/lib/neo4j/lib/commons-text-1.3.jar
2021-01-12 22:28:28.630+0000 INFO [o.n.k.i.DiagnosticsManager]  [classpath + loader.0] file:/var/lib/neo4j/lib/neo4j-cypher-ir-3.3-3.3.7.jar
2021-01-12 22:28:28.630+0000 INFO [o.n.k.i.DiagnosticsManager]  [classpath + loader.0] file:/var/lib/neo4j/lib/neo4j-unsafe-3.4.9.jar
2021-01-12 22:28:28.630+0000 INFO [o.n.k.i.DiagnosticsManager]  [classpath + loader.0] file:/var/lib/neo4j/lib/neo4j-cypher-frontend-3.3-3.3.7.jar
2021-01-12 22:28:28.630+0000 INFO [o.n.k.i.DiagnosticsManager]  [classpath + loader.0] file:/var/lib/neo4j/lib/scala-library-2.11.12.jar
2021-01-12 22:28:28.630+0000 INFO [o.n.k.i.DiagnosticsManager]  [bootstrap] /usr/lib/jvm/java-1.8-openjdk/jre/classes
2021-01-12 22:28:28.630+0000 INFO [o.n.k.i.DiagnosticsManager]  [classpath + loader.0] file:/var/lib/neo4j/lib/neo4j-graph-algo-3.4.9.jar
2021-01-12 22:28:28.630+0000 INFO [o.n.k.i.DiagnosticsManager]  [classpath + loader.0] file:/var/lib/neo4j/lib/neo4j-dbms-3.4.9.jar
2021-01-12 22:28:28.630+0000 INFO [o.n.k.i.DiagnosticsManager]  [classpath + loader.0] file:/var/lib/neo4j/lib/neo4j-cypher-ir-3.4-3.4.9.jar
2021-01-12 22:28:28.630+0000 INFO [o.n.k.i.DiagnosticsManager]  [classpath + loader.0] file:/var/lib/neo4j/lib/jetty-security-9.4.11.v20180605.jar
2021-01-12 22:28:28.631+0000 INFO [o.n.k.i.DiagnosticsManager]  [classpath + loader.0] file:/var/lib/neo4j/lib/jetty-servlet-9.4.11.v20180605.jar
2021-01-12 22:28:28.631+0000 INFO [o.n.k.i.DiagnosticsManager]  [classpath + loader.0] file:/var/lib/neo4j/lib/javax.servlet-api-3.1.0.jar
2021-01-12 22:28:28.631+0000 INFO [o.n.k.i.DiagnosticsManager]  [bootstrap] /usr/lib/jvm/java-1.8-openjdk/jre/lib/rt.jar
2021-01-12 22:28:28.631+0000 INFO [o.n.k.i.DiagnosticsManager]  [classpath + loader.0] file:/var/lib/neo4j/lib/neo4j-values-3.4.9.jar
2021-01-12 22:28:28.631+0000 INFO [o.n.k.i.DiagnosticsManager]  [loader.1] file:/usr/lib/jvm/java-1.8-openjdk/jre/lib/ext/localedata.jar
2021-01-12 22:28:28.631+0000 INFO [o.n.k.i.DiagnosticsManager]  [classpath + loader.0] file:/var/lib/neo4j/lib/neo4j-bolt-3.4.9.jar
2021-01-12 22:28:28.631+0000 INFO [o.n.k.i.DiagnosticsManager]  [classpath + loader.0] file:/var/lib/neo4j/lib/jProcesses-1.6.4.jar
2021-01-12 22:28:28.631+0000 INFO [o.n.k.i.DiagnosticsManager]  [classpath + loader.0] file:/var/lib/neo4j/lib/neo4j-cypher-compiler-2.3-2.3.12.jar
2021-01-12 22:28:28.631+0000 INFO [o.n.k.i.DiagnosticsManager]  [classpath + loader.0] file:/var/lib/neo4j/lib/neo4j-kernel-3.4.9.jar
2021-01-12 22:28:28.631+0000 INFO [o.n.k.i.DiagnosticsManager]  [classpath + loader.0] file:/var/lib/neo4j/lib/neo4j-ssl-3.4.9.jar
2021-01-12 22:28:28.631+0000 INFO [o.n.k.i.DiagnosticsManager]  [classpath + loader.0] file:/var/lib/neo4j/lib/scala-reflect-2.11.12.jar
2021-01-12 22:28:28.631+0000 INFO [o.n.k.i.DiagnosticsManager]  [classpath + loader.0] file:/var/lib/neo4j/plugins/
2021-01-12 22:28:28.631+0000 INFO [o.n.k.i.DiagnosticsManager]  [classpath + loader.0] file:/var/lib/neo4j/lib/neo4j-lucene-upgrade-3.4.9.jar
2021-01-12 22:28:28.631+0000 INFO [o.n.k.i.DiagnosticsManager]  [loader.1] file:/usr/lib/jvm/java-1.8-openjdk/jre/lib/ext/sunjce_provider.jar
2021-01-12 22:28:28.631+0000 INFO [o.n.k.i.DiagnosticsManager]  [classpath + loader.0] file:/var/lib/neo4j/lib/commons-lang-2.6.jar
2021-01-12 22:28:28.631+0000 INFO [o.n.k.i.DiagnosticsManager]  [classpath + loader.0] file:/var/lib/neo4j/lib/lucene-core-5.5.5.jar
2021-01-12 22:28:28.631+0000 INFO [o.n.k.i.DiagnosticsManager]  [classpath + loader.0] file:/var/lib/neo4j/lib/neo4j-common-3.4.9.jar
2021-01-12 22:28:28.632+0000 INFO [o.n.k.i.DiagnosticsManager]  [classpath + loader.0] file:/var/lib/neo4j/lib/lucene-codecs-5.5.5.jar
2021-01-12 22:28:28.632+0000 INFO [o.n.k.i.DiagnosticsManager]  [classpath + loader.0] file:/var/lib/neo4j/lib/rhino-1.7.9.jar
2021-01-12 22:28:28.632+0000 INFO [o.n.k.i.DiagnosticsManager]  [classpath + loader.0] file:/var/lib/neo4j/lib/neo4j-cypher-planner-3.4-3.4.9.jar
2021-01-12 22:28:28.632+0000 INFO [o.n.k.i.DiagnosticsManager]  [classpath + loader.0] file:/var/lib/neo4j/lib/neo4j-index-3.4.9.jar
2021-01-12 22:28:28.632+0000 INFO [o.n.k.i.DiagnosticsManager]  [loader.1] file:/usr/lib/jvm/java-1.8-openjdk/jre/lib/ext/nashorn.jar
2021-01-12 22:28:28.632+0000 INFO [o.n.k.i.DiagnosticsManager]  [classpath + loader.0] file:/var/lib/neo4j/lib/neo4j-cypher-compiler-3.1-3.1.9.jar
2021-01-12 22:28:28.632+0000 INFO [o.n.k.i.DiagnosticsManager]  [loader.1] file:/usr/lib/jvm/java-1.8-openjdk/jre/lib/ext/dnsns.jar
2021-01-12 22:28:28.632+0000 INFO [o.n.k.i.DiagnosticsManager]  [bootstrap] /usr/lib/jvm/java-1.8-openjdk/jre/lib/jfr.jar
2021-01-12 22:28:28.632+0000 INFO [o.n.k.i.DiagnosticsManager]  [classpath + loader.0] file:/var/lib/neo4j/lib/jline-2.12.jar
2021-01-12 22:28:28.632+0000 INFO [o.n.k.i.DiagnosticsManager]  [classpath + loader.0] file:/var/lib/neo4j/lib/neo4j-security-3.4.9.jar
2021-01-12 22:28:28.632+0000 INFO [o.n.k.i.DiagnosticsManager]  [classpath + loader.0] file:/var/lib/neo4j/lib/neo4j-import-tool-3.4.9.jar
2021-01-12 22:28:28.632+0000 INFO [o.n.k.i.DiagnosticsManager]  [classpath + loader.0] file:/var/lib/neo4j/conf/
2021-01-12 22:28:28.632+0000 INFO [o.n.k.i.DiagnosticsManager]  [loader.1] file:/usr/lib/jvm/java-1.8-openjdk/jre/lib/ext/sunpkcs11.jar
2021-01-12 22:28:28.632+0000 INFO [o.n.k.i.DiagnosticsManager]  [classpath + loader.0] file:/var/lib/neo4j/lib/jetty-webapp-9.4.11.v20180605.jar
2021-01-12 22:28:28.632+0000 INFO [o.n.k.i.DiagnosticsManager]  [classpath + loader.0] file:/var/lib/neo4j/lib/neo4j-cypher-expression-3.4-3.4.9.jar
2021-01-12 22:28:28.632+0000 INFO [o.n.k.i.DiagnosticsManager]  [classpath + loader.0] file:/var/lib/neo4j/lib/opencsv-2.3.jar
2021-01-12 22:28:28.635+0000 INFO [o.n.k.i.DiagnosticsManager]  [classpath + loader.0] file:/var/lib/neo4j/lib/neo4j-jmx-3.4.9.jar
2021-01-12 22:28:28.635+0000 INFO [o.n.k.i.DiagnosticsManager]  [classpath + loader.0] file:/var/lib/neo4j/lib/parboiled-scala_2.11-1.1.7.jar
2021-01-12 22:28:28.635+0000 INFO [o.n.k.i.DiagnosticsManager]  [classpath + loader.0] file:/var/lib/neo4j/lib/neo4j-udc-3.4.9.jar
2021-01-12 22:28:28.635+0000 INFO [o.n.k.i.DiagnosticsManager]  [classpath + loader.0] file:/var/lib/neo4j/lib/neo4j-cypher-planner-spi-3.4-3.4.9.jar
2021-01-12 22:28:28.635+0000 INFO [o.n.k.i.DiagnosticsManager]  [classpath + loader.0] file:/var/lib/neo4j/lib/neo4j-shell-3.4.9.jar
2021-01-12 22:28:28.635+0000 INFO [o.n.k.i.DiagnosticsManager]  [classpath + loader.0] file:/var/lib/neo4j/lib/jetty-server-9.4.11.v20180605.jar
2021-01-12 22:28:28.635+0000 INFO [o.n.k.i.DiagnosticsManager]  [bootstrap] /usr/lib/jvm/java-1.8-openjdk/jre/lib/resources.jar
2021-01-12 22:28:28.635+0000 INFO [o.n.k.i.DiagnosticsManager]  [bootstrap] /usr/lib/jvm/java-1.8-openjdk/jre/lib/charsets.jar
2021-01-12 22:28:28.635+0000 INFO [o.n.k.i.DiagnosticsManager]  [classpath + loader.0] file:/var/lib/neo4j/lib/neo4j-logging-3.4.9.jar
2021-01-12 22:28:28.635+0000 INFO [o.n.k.i.DiagnosticsManager]  [classpath + loader.0] file:/var/lib/neo4j/lib/jetty-http-9.4.11.v20180605.jar
2021-01-12 22:28:28.635+0000 INFO [o.n.k.i.DiagnosticsManager]  [classpath + loader.0] file:/var/lib/neo4j/lib/jackson-mapper-asl-1.9.13.jar
2021-01-12 22:28:28.635+0000 INFO [o.n.k.i.DiagnosticsManager]  [classpath + loader.0] file:/var/lib/neo4j/lib/openCypher-frontend-1-3.4.9.jar
2021-01-12 22:28:28.635+0000 INFO [o.n.k.i.DiagnosticsManager]  [classpath + loader.0] file:/var/lib/neo4j/lib/neo4j-collections-3.4.9.jar
2021-01-12 22:28:28.636+0000 INFO [o.n.k.i.DiagnosticsManager]  [classpath + loader.0] file:/var/lib/neo4j/lib/caffeine-2.6.2.jar
2021-01-12 22:28:28.636+0000 INFO [o.n.k.i.DiagnosticsManager]  [classpath + loader.0] file:/var/lib/neo4j/lib/lucene-queryparser-5.5.5.jar
2021-01-12 22:28:28.636+0000 INFO [o.n.k.i.DiagnosticsManager]  [classpath + loader.0] file:/var/lib/neo4j/lib/bcprov-jdk15on-1.60.jar
2021-01-12 22:28:28.636+0000 INFO [o.n.k.i.DiagnosticsManager]  [classpath + loader.0] file:/var/lib/neo4j/lib/jackson-jaxrs-1.9.13.jar
2021-01-12 22:28:28.636+0000 INFO [o.n.k.i.DiagnosticsManager]  [loader.1] file:/usr/lib/jvm/java-1.8-openjdk/jre/lib/ext/zipfs.jar
2021-01-12 22:28:28.636+0000 INFO [o.n.k.i.DiagnosticsManager]  [classpath + loader.0] file:/var/lib/neo4j/lib/neo4j-cypher-util-3.4-3.4.9.jar
2021-01-12 22:28:28.636+0000 INFO [o.n.k.i.DiagnosticsManager]  [classpath + loader.0] file:/var/lib/neo4j/lib/neo4j-cypher-frontend-3.1-3.1.9.jar
2021-01-12 22:28:28.636+0000 INFO [o.n.k.i.DiagnosticsManager]  [classpath + loader.0] file:/var/lib/neo4j/lib/WMI4Java-1.6.1.jar
2021-01-12 22:28:28.636+0000 INFO [o.n.k.i.DiagnosticsManager]  [classpath + loader.0] file:/var/lib/neo4j/plugins/*
2021-01-12 22:28:28.636+0000 INFO [o.n.k.i.DiagnosticsManager]  [loader.1] file:/usr/lib/jvm/java-1.8-openjdk/jre/lib/ext/cldrdata.jar
2021-01-12 22:28:28.636+0000 INFO [o.n.k.i.DiagnosticsManager]  [classpath + loader.0] file:/var/lib/neo4j/lib/jsr311-api-1.1.2.r612.jar
2021-01-12 22:28:28.636+0000 INFO [o.n.k.i.DiagnosticsManager]  [classpath + loader.0] file:/var/lib/neo4j/lib/jetty-xml-9.4.11.v20180605.jar
2021-01-12 22:28:28.636+0000 INFO [o.n.k.i.DiagnosticsManager]  [classpath + loader.0] file:/var/lib/neo4j/lib/neo4j-cypher-frontend-2.3-2.3.12.jar
2021-01-12 22:28:28.636+0000 INFO [o.n.k.i.DiagnosticsManager]  [classpath + loader.0] file:/var/lib/neo4j/lib/lucene-analyzers-common-5.5.5.jar
2021-01-12 22:28:28.636+0000 INFO [o.n.k.i.DiagnosticsManager]  [bootstrap] /usr/lib/jvm/java-1.8-openjdk/jre/lib/jsse.jar
2021-01-12 22:28:28.636+0000 INFO [o.n.k.i.DiagnosticsManager]  [classpath + loader.0] file:/var/lib/neo4j/lib/neo4j-cypher-3.4.9.jar
2021-01-12 22:28:28.636+0000 INFO [o.n.k.i.DiagnosticsManager]  [bootstrap] /usr/lib/jvm/java-1.8-openjdk/jre/lib/sunrsasign.jar
2021-01-12 22:28:28.636+0000 INFO [o.n.k.i.DiagnosticsManager]  [classpath + loader.0] file:/var/lib/neo4j/lib/bcpkix-jdk15on-1.60.jar
2021-01-12 22:28:28.645+0000 INFO [o.n.k.i.DiagnosticsManager]  [classpath + loader.0] file:/var/lib/neo4j/lib/commons-logging-1.1.1.jar
2021-01-12 22:28:28.645+0000 INFO [o.n.k.i.DiagnosticsManager]  [classpath + loader.0] file:/var/lib/neo4j/lib/jetty-io-9.4.11.v20180605.jar
2021-01-12 22:28:28.645+0000 INFO [o.n.k.i.DiagnosticsManager]  [classpath + loader.0] file:/var/lib/neo4j/lib/neo4j-server-3.4.9.jar
2021-01-12 22:28:28.645+0000 INFO [o.n.k.i.DiagnosticsManager]  [classpath + loader.0] file:/var/lib/neo4j/lib/neo4j-graph-matching-3.1.9.jar
2021-01-12 22:28:28.645+0000 INFO [o.n.k.i.DiagnosticsManager]  [classpath + loader.0] file:/var/lib/neo4j/lib/parboiled-core-1.1.7.jar
2021-01-12 22:28:28.645+0000 INFO [o.n.k.i.DiagnosticsManager]  [classpath + loader.0] file:/var/lib/neo4j/lib/netty-all-4.1.24.Final.jar
2021-01-12 22:28:28.645+0000 INFO [o.n.k.i.DiagnosticsManager] Library path:
2021-01-12 22:28:28.645+0000 INFO [o.n.k.i.DiagnosticsManager] /usr/lib/jvm/java-1.8-openjdk/jre/lib/amd64/server
2021-01-12 22:28:28.645+0000 INFO [o.n.k.i.DiagnosticsManager] /usr/lib/jvm/java-1.8-openjdk/jre/lib/amd64
2021-01-12 22:28:28.645+0000 INFO [o.n.k.i.DiagnosticsManager] /usr/lib/jvm/java-1.8-openjdk/lib/amd64
2021-01-12 22:28:28.646+0000 INFO [o.n.k.i.DiagnosticsManager] /usr/java/packages/lib/amd64
2021-01-12 22:28:28.646+0000 INFO [o.n.k.i.DiagnosticsManager] /usr/lib64
2021-01-12 22:28:28.646+0000 INFO [o.n.k.i.DiagnosticsManager] /lib64
2021-01-12 22:28:28.646+0000 INFO [o.n.k.i.DiagnosticsManager] /lib
2021-01-12 22:28:28.646+0000 INFO [o.n.k.i.DiagnosticsManager] /usr/lib
2021-01-12 22:28:28.646+0000 INFO [o.n.k.i.DiagnosticsManager] System.properties:
2021-01-12 22:28:28.646+0000 INFO [o.n.k.i.DiagnosticsManager] sun.boot.library.path = /usr/lib/jvm/java-1.8-openjdk/jre/lib/amd64
2021-01-12 22:28:28.647+0000 INFO [o.n.k.i.DiagnosticsManager] jdk.tls.rejectClientInitiatedRenegotiation = true
2021-01-12 22:28:28.647+0000 INFO [o.n.k.i.DiagnosticsManager] path.separator = :
2021-01-12 22:28:28.647+0000 INFO [o.n.k.i.DiagnosticsManager] file.encoding.pkg = sun.io
2021-01-12 22:28:28.647+0000 INFO [o.n.k.i.DiagnosticsManager] user.country = US
2021-01-12 22:28:28.647+0000 INFO [o.n.k.i.DiagnosticsManager] sun.java.launcher = SUN_STANDARD
2021-01-12 22:28:28.647+0000 INFO [o.n.k.i.DiagnosticsManager] sun.os.patch.level = unknown
2021-01-12 22:28:28.647+0000 INFO [o.n.k.i.DiagnosticsManager] user.dir = /var/lib/neo4j
2021-01-12 22:28:28.647+0000 INFO [o.n.k.i.DiagnosticsManager] sun.jnu.encoding = UTF-8
2021-01-12 22:28:28.647+0000 INFO [o.n.k.i.DiagnosticsManager] unsupported.dbms.udc.source = tarball
2021-01-12 22:28:28.647+0000 INFO [o.n.k.i.DiagnosticsManager] sun.management.compiler = HotSpot 64-Bit Tiered Compilers
2021-01-12 22:28:28.647+0000 INFO [o.n.k.i.DiagnosticsManager] user.home = /var/lib/neo4j
2021-01-12 22:28:28.647+0000 INFO [o.n.k.i.DiagnosticsManager] user.timezone = GMT
2021-01-12 22:28:28.647+0000 INFO [o.n.k.i.DiagnosticsManager] file.encoding = UTF-8
2021-01-12 22:28:28.647+0000 INFO [o.n.k.i.DiagnosticsManager] user.name = neo4j
2021-01-12 22:28:28.647+0000 INFO [o.n.k.i.DiagnosticsManager] sun.java.command = org.neo4j.server.CommunityEntryPoint --home-dir=/var/lib/neo4j --config-dir=/var/lib/neo4j/conf
2021-01-12 22:28:28.647+0000 INFO [o.n.k.i.DiagnosticsManager] sun.arch.data.model = 64
2021-01-12 22:28:28.647+0000 INFO [o.n.k.i.DiagnosticsManager] user.language = en
2021-01-12 22:28:28.647+0000 INFO [o.n.k.i.DiagnosticsManager] awt.toolkit = sun.awt.X11.XToolkit
2021-01-12 22:28:28.647+0000 INFO [o.n.k.i.DiagnosticsManager] jdk.tls.ephemeralDHKeySize = 2048
2021-01-12 22:28:28.648+0000 INFO [o.n.k.i.DiagnosticsManager] file.separator = /
2021-01-12 22:28:28.648+0000 INFO [o.n.k.i.DiagnosticsManager] sun.io.unicode.encoding = UnicodeLittle
2021-01-12 22:28:28.648+0000 INFO [o.n.k.i.DiagnosticsManager] sun.cpu.endian = little
2021-01-12 22:28:28.648+0000 INFO [o.n.k.i.DiagnosticsManager] sun.cpu.isalist = 
2021-01-12 22:28:28.648+0000 INFO [o.n.k.i.DiagnosticsManager] (IANA) TimeZone Database Version:
2021-01-12 22:28:28.819+0000 INFO [o.n.k.i.DiagnosticsManager]   TimeZone version: 2018g (available for 599 zone identifiers)
2021-01-12 22:28:28.819+0000 INFO [o.n.k.i.DiagnosticsManager] Linux scheduler information:
2021-01-12 22:28:28.842+0000 INFO [o.n.k.i.DiagnosticsManager] [mq-deadline] none
2021-01-12 22:28:28.842+0000 INFO [o.n.k.i.DiagnosticsManager] [mq-deadline] none
2021-01-12 22:28:28.842+0000 INFO [o.n.k.i.DiagnosticsManager] Network information:
2021-01-12 22:28:28.845+0000 INFO [o.n.k.i.DiagnosticsManager] Interface eth0:
2021-01-12 22:28:28.845+0000 INFO [o.n.k.i.DiagnosticsManager]     address: 172.18.0.6
2021-01-12 22:28:28.845+0000 INFO [o.n.k.i.DiagnosticsManager] Interface lo:
2021-01-12 22:28:28.845+0000 INFO [o.n.k.i.DiagnosticsManager]     address: 127.0.0.1
2021-01-12 22:28:28.845+0000 INFO [o.n.k.i.DiagnosticsManager] --- INITIALIZED diagnostics END ---
2021-01-12 22:28:31.259+0000 INFO [o.n.b.BoltKernelExtension] Bolt Server extension loaded.
2021-01-12 22:28:32.211+0000 INFO [o.n.k.i.s.f.RecordFormatSelector] Selected format 'RecordFormat:StandardV3_4[v0.A.9]' for the new store
2021-01-12 22:28:33.292+0000 INFO [o.n.k.i.i.l.NativeLabelScanStore] No label index found, this might just be first use. Preparing to rebuild.
2021-01-12 22:28:33.424+0000 INFO [o.n.k.NeoStoreDataSource] Rotated to transaction log [/var/lib/neo4j/data/databases/graph.db/neostore.transaction.db.0] version=0, last transaction in previous log=1
2021-01-12 22:28:33.429+0000 INFO [o.n.k.NeoStoreDataSource] No commits found after last check point (which is at <no log position given>)
2021-01-12 22:28:33.449+0000 WARN [o.n.k.i.s.MetaDataStore] Missing counts store, rebuilding it.
2021-01-12 22:28:33.624+0000 WARN [o.n.k.i.s.MetaDataStore] Counts store rebuild completed.
2021-01-12 22:28:33.659+0000 INFO [o.n.k.i.i.l.NativeLabelScanStore] Rebuilding label index, this may take a while
2021-01-12 22:28:33.681+0000 INFO [o.n.k.i.i.l.NativeLabelScanStore] Label index rebuilt (roughly 0 nodes)
2021-01-12 22:28:33.754+0000 INFO [o.n.k.i.DatabaseHealth] Database health set to OK
2021-01-12 22:28:34.876+0000 INFO [o.n.b.BoltKernelExtension] Bolt enabled on 0.0.0.0:7687.
2021-01-12 22:28:34.916+0000 INFO [o.n.k.AvailabilityGuard] Fulfilling of requirement makes database available: Database available
2021-01-12 22:28:34.916+0000 INFO [o.n.k.i.f.GraphDatabaseFacadeFactory] Database is now ready
2021-01-12 22:28:34.917+0000 INFO [o.n.k.i.DiagnosticsManager] --- STARTED diagnostics for KernelDiagnostics:Versions START ---
2021-01-12 22:28:34.917+0000 INFO [o.n.k.i.DiagnosticsManager] Graph Database: community single StoreId{creationTime=1610490512607, randomId=-3275700667644250137, storeVersion=16094931155187206, upgradeTime=1610490512607, upgradeId=1}
2021-01-12 22:28:34.918+0000 INFO [o.n.k.i.DiagnosticsManager] Kernel version: 3.4.9,07b351edac667f6381c0e11250a9961a9972fa3a
2021-01-12 22:28:34.918+0000 INFO [o.n.k.i.DiagnosticsManager] --- STARTED diagnostics for KernelDiagnostics:Versions END ---
2021-01-12 22:28:34.935+0000 INFO [o.n.k.i.DiagnosticsManager] --- STARTED diagnostics for NEO_STORE_VERSIONS START ---
2021-01-12 22:28:34.935+0000 INFO [o.n.k.i.DiagnosticsManager] Store versions:
2021-01-12 22:28:34.935+0000 INFO [o.n.k.i.DiagnosticsManager] Store versions:
2021-01-12 22:28:34.936+0000 INFO [o.n.k.i.DiagnosticsManager]   ArrayPropertyStore v0.A.9
2021-01-12 22:28:34.936+0000 INFO [o.n.k.i.DiagnosticsManager]   NodeStore v0.A.9
2021-01-12 22:28:34.936+0000 INFO [o.n.k.i.DiagnosticsManager]   StringPropertyStore v0.A.9
2021-01-12 22:28:34.936+0000 INFO [o.n.k.i.DiagnosticsManager]   PropertyIndexStore v0.A.9
2021-01-12 22:28:34.936+0000 INFO [o.n.k.i.DiagnosticsManager]   StringPropertyStore v0.A.9
2021-01-12 22:28:34.936+0000 INFO [o.n.k.i.DiagnosticsManager]   ArrayPropertyStore v0.A.9
2021-01-12 22:28:34.936+0000 INFO [o.n.k.i.DiagnosticsManager]   PropertyStore v0.A.9
2021-01-12 22:28:34.936+0000 INFO [o.n.k.i.DiagnosticsManager]   RelationshipStore v0.A.9
2021-01-12 22:28:34.938+0000 INFO [o.n.k.i.DiagnosticsManager]   StringPropertyStore v0.A.9
2021-01-12 22:28:34.938+0000 INFO [o.n.k.i.DiagnosticsManager]   RelationshipTypeStore v0.A.9
2021-01-12 22:28:34.938+0000 INFO [o.n.k.i.DiagnosticsManager]   StringPropertyStore v0.A.9
2021-01-12 22:28:34.938+0000 INFO [o.n.k.i.DiagnosticsManager]   LabelTokenStore v0.A.9
2021-01-12 22:28:34.938+0000 INFO [o.n.k.i.DiagnosticsManager]   SchemaStore v0.A.9
2021-01-12 22:28:34.938+0000 INFO [o.n.k.i.DiagnosticsManager]   RelationshipGroupStore v0.A.9
2021-01-12 22:28:34.938+0000 INFO [o.n.k.i.DiagnosticsManager]   NeoStore v0.A.9
2021-01-12 22:28:34.938+0000 INFO [o.n.k.i.DiagnosticsManager] --- STARTED diagnostics for NEO_STORE_VERSIONS END ---
2021-01-12 22:28:34.938+0000 INFO [o.n.k.i.DiagnosticsManager] --- STARTED diagnostics for NEO_STORE_ID_USAGE START ---
2021-01-12 22:28:34.938+0000 INFO [o.n.k.i.DiagnosticsManager] Id usage:
2021-01-12 22:28:34.938+0000 INFO [o.n.k.i.DiagnosticsManager] Id usage:
2021-01-12 22:28:34.941+0000 INFO [o.n.k.i.DiagnosticsManager]   ArrayPropertyStore: used=1 high=0
2021-01-12 22:28:34.941+0000 INFO [o.n.k.i.DiagnosticsManager]   NodeStore: used=0 high=-1
2021-01-12 22:28:34.941+0000 INFO [o.n.k.i.DiagnosticsManager]   StringPropertyStore: used=1 high=0
2021-01-12 22:28:34.941+0000 INFO [o.n.k.i.DiagnosticsManager]   PropertyIndexStore: used=0 high=-1
2021-01-12 22:28:34.941+0000 INFO [o.n.k.i.DiagnosticsManager]   StringPropertyStore: used=1 high=0
2021-01-12 22:28:34.941+0000 INFO [o.n.k.i.DiagnosticsManager]   ArrayPropertyStore: used=1 high=0
2021-01-12 22:28:34.941+0000 INFO [o.n.k.i.DiagnosticsManager]   PropertyStore: used=0 high=-1
2021-01-12 22:28:34.946+0000 INFO [o.n.k.i.DiagnosticsManager]   RelationshipStore: used=0 high=-1
2021-01-12 22:28:34.946+0000 INFO [o.n.k.i.DiagnosticsManager]   StringPropertyStore: used=1 high=0
2021-01-12 22:28:34.946+0000 INFO [o.n.k.i.DiagnosticsManager]   RelationshipTypeStore: used=0 high=-1
2021-01-12 22:28:34.947+0000 INFO [o.n.k.i.DiagnosticsManager]   StringPropertyStore: used=1 high=0
2021-01-12 22:28:34.947+0000 INFO [o.n.k.i.DiagnosticsManager]   LabelTokenStore: used=0 high=-1
2021-01-12 22:28:34.947+0000 INFO [o.n.k.i.DiagnosticsManager]   SchemaStore: used=1 high=0
2021-01-12 22:28:34.947+0000 INFO [o.n.k.i.DiagnosticsManager]   RelationshipGroupStore: used=1 high=0
2021-01-12 22:28:34.947+0000 INFO [o.n.k.i.DiagnosticsManager]   NeoStore: used=15 high=14
2021-01-12 22:28:34.947+0000 INFO [o.n.k.i.DiagnosticsManager] --- STARTED diagnostics for NEO_STORE_ID_USAGE END ---
2021-01-12 22:28:34.947+0000 INFO [o.n.k.i.DiagnosticsManager] --- STARTED diagnostics for NEO_STORE_RECORDS START ---
2021-01-12 22:28:34.947+0000 INFO [o.n.k.i.DiagnosticsManager] Neostore records:
2021-01-12 22:28:34.948+0000 INFO [o.n.k.i.DiagnosticsManager] TIME (Creation time): 1610490512607
2021-01-12 22:28:34.948+0000 INFO [o.n.k.i.DiagnosticsManager] RANDOM_NUMBER (Random number for store id): -3275700667644250137
2021-01-12 22:28:34.948+0000 INFO [o.n.k.i.DiagnosticsManager] LOG_VERSION (Current log version): 0
2021-01-12 22:28:34.949+0000 INFO [o.n.k.i.DiagnosticsManager] LAST_TRANSACTION_ID (Last committed transaction): 1
2021-01-12 22:28:34.949+0000 INFO [o.n.k.i.DiagnosticsManager] STORE_VERSION (Store format version): 16094931155187206
2021-01-12 22:28:34.949+0000 INFO [o.n.k.i.DiagnosticsManager] FIRST_GRAPH_PROPERTY (First property record containing graph properties): -1
2021-01-12 22:28:34.949+0000 INFO [o.n.k.i.DiagnosticsManager] LAST_CONSTRAINT_TRANSACTION (Last committed transaction containing constraint changes): 0
2021-01-12 22:28:34.949+0000 INFO [o.n.k.i.DiagnosticsManager] UPGRADE_TRANSACTION_ID (Transaction id most recent upgrade was performed at): 1
2021-01-12 22:28:34.953+0000 INFO [o.n.k.i.DiagnosticsManager] UPGRADE_TIME (Time of last upgrade): 1610490512607
2021-01-12 22:28:34.953+0000 INFO [o.n.k.i.DiagnosticsManager] LAST_TRANSACTION_CHECKSUM (Checksum of last committed transaction): 0
2021-01-12 22:28:34.953+0000 INFO [o.n.k.i.DiagnosticsManager] UPGRADE_TRANSACTION_CHECKSUM (Checksum of transaction id the most recent upgrade was performed at): 0
2021-01-12 22:28:34.953+0000 INFO [o.n.k.i.DiagnosticsManager] LAST_CLOSED_TRANSACTION_LOG_VERSION (Log version where the last transaction commit entry has been written into): 0
2021-01-12 22:28:34.953+0000 INFO [o.n.k.i.DiagnosticsManager] LAST_CLOSED_TRANSACTION_LOG_BYTE_OFFSET (Byte offset in the log file where the last transaction commit entry has been written into): 16
2021-01-12 22:28:34.954+0000 INFO [o.n.k.i.DiagnosticsManager] LAST_TRANSACTION_COMMIT_TIMESTAMP (Commit time timestamp for last committed transaction): 0
2021-01-12 22:28:34.954+0000 INFO [o.n.k.i.DiagnosticsManager] UPGRADE_TRANSACTION_COMMIT_TIMESTAMP (Commit timestamp of transaction the most recent upgrade was performed at): 0
2021-01-12 22:28:34.954+0000 INFO [o.n.k.i.DiagnosticsManager] --- STARTED diagnostics for NEO_STORE_RECORDS END ---
2021-01-12 22:28:34.956+0000 INFO [o.n.k.i.DiagnosticsManager] --- STARTED diagnostics for TRANSACTION_RANGE START ---
2021-01-12 22:28:34.956+0000 INFO [o.n.k.i.DiagnosticsManager] Transaction log:
2021-01-12 22:28:34.957+0000 INFO [o.n.k.i.DiagnosticsManager] No transactions found in any log
2021-01-12 22:28:34.957+0000 INFO [o.n.k.i.DiagnosticsManager] --- STARTED diagnostics for TRANSACTION_RANGE END ---
2021-01-12 22:28:34.958+0000 INFO [o.n.k.i.DiagnosticsManager] --- STARTED diagnostics for KernelDiagnostics:StoreFiles START ---
2021-01-12 22:28:34.958+0000 INFO [o.n.k.i.DiagnosticsManager] Disk space on partition (Total / Free / Free %): 25886027776 / 22887804928 / 88
2021-01-12 22:28:34.958+0000 INFO [o.n.k.i.DiagnosticsManager] Storage files: (filename : modification date - size)
2021-01-12 22:28:34.963+0000 INFO [o.n.k.i.DiagnosticsManager]   index:
2021-01-12 22:28:34.963+0000 INFO [o.n.k.i.DiagnosticsManager]   - Total: 2021-01-12T22:28:33+0000 - 0.00 B
2021-01-12 22:28:34.966+0000 INFO [o.n.k.i.DiagnosticsManager]   neostore: 2021-01-12T22:28:32+0000 - 8.00 kB
2021-01-12 22:28:34.967+0000 INFO [o.n.k.i.DiagnosticsManager]   neostore.counts.db.a: 2021-01-12T22:28:33+0000 - 96.00 B
2021-01-12 22:28:34.967+0000 INFO [o.n.k.i.DiagnosticsManager]   neostore.id: 2021-01-12T22:28:32+0000 - 9.00 B
2021-01-12 22:28:34.967+0000 INFO [o.n.k.i.DiagnosticsManager]   neostore.labelscanstore.db: 2021-01-12T22:28:33+0000 - 40.00 kB
2021-01-12 22:28:34.967+0000 INFO [o.n.k.i.DiagnosticsManager]   neostore.labeltokenstore.db: 2021-01-12T22:28:32+0000 - 0.00 B
2021-01-12 22:28:34.967+0000 INFO [o.n.k.i.DiagnosticsManager]   neostore.labeltokenstore.db.id: 2021-01-12T22:28:32+0000 - 9.00 B
2021-01-12 22:28:34.969+0000 INFO [o.n.k.i.DiagnosticsManager]   neostore.labeltokenstore.db.names: 2021-01-12T22:28:32+0000 - 8.00 kB
2021-01-12 22:28:34.976+0000 INFO [o.n.k.i.DiagnosticsManager]   neostore.labeltokenstore.db.names.id: 2021-01-12T22:28:32+0000 - 9.00 B
2021-01-12 22:28:34.976+0000 INFO [o.n.k.i.DiagnosticsManager]   neostore.nodestore.db: 2021-01-12T22:28:32+0000 - 0.00 B
2021-01-12 22:28:34.976+0000 INFO [o.n.k.i.DiagnosticsManager]   neostore.nodestore.db.id: 2021-01-12T22:28:32+0000 - 9.00 B
2021-01-12 22:28:34.977+0000 INFO [o.n.k.i.DiagnosticsManager]   neostore.nodestore.db.labels: 2021-01-12T22:28:32+0000 - 8.00 kB
2021-01-12 22:28:34.977+0000 INFO [o.n.k.i.DiagnosticsManager]   neostore.nodestore.db.labels.id: 2021-01-12T22:28:32+0000 - 9.00 B
2021-01-12 22:28:34.978+0000 INFO [o.n.k.i.DiagnosticsManager]   neostore.propertystore.db: 2021-01-12T22:28:32+0000 - 0.00 B
2021-01-12 22:28:34.979+0000 INFO [o.n.k.i.DiagnosticsManager]   neostore.propertystore.db.arrays: 2021-01-12T22:28:32+0000 - 8.00 kB
2021-01-12 22:28:34.979+0000 INFO [o.n.k.i.DiagnosticsManager]   neostore.propertystore.db.arrays.id: 2021-01-12T22:28:32+0000 - 9.00 B
2021-01-12 22:28:34.979+0000 INFO [o.n.k.i.DiagnosticsManager]   neostore.propertystore.db.id: 2021-01-12T22:28:32+0000 - 9.00 B
2021-01-12 22:28:34.980+0000 INFO [o.n.k.i.DiagnosticsManager]   neostore.propertystore.db.index: 2021-01-12T22:28:32+0000 - 0.00 B
2021-01-12 22:28:34.980+0000 INFO [o.n.k.i.DiagnosticsManager]   neostore.propertystore.db.index.id: 2021-01-12T22:28:32+0000 - 9.00 B
2021-01-12 22:28:34.980+0000 INFO [o.n.k.i.DiagnosticsManager]   neostore.propertystore.db.index.keys: 2021-01-12T22:28:32+0000 - 8.00 kB
2021-01-12 22:28:34.980+0000 INFO [o.n.k.i.DiagnosticsManager]   neostore.propertystore.db.index.keys.id: 2021-01-12T22:28:32+0000 - 9.00 B
2021-01-12 22:28:34.980+0000 INFO [o.n.k.i.DiagnosticsManager]   neostore.propertystore.db.strings: 2021-01-12T22:28:32+0000 - 8.00 kB
2021-01-12 22:28:34.985+0000 INFO [o.n.k.i.DiagnosticsManager]   neostore.propertystore.db.strings.id: 2021-01-12T22:28:32+0000 - 9.00 B
2021-01-12 22:28:34.988+0000 INFO [o.n.k.i.DiagnosticsManager]   neostore.relationshipgroupstore.db: 2021-01-12T22:28:32+0000 - 8.00 kB
2021-01-12 22:28:34.988+0000 INFO [o.n.k.i.DiagnosticsManager]   neostore.relationshipgroupstore.db.id: 2021-01-12T22:28:32+0000 - 9.00 B
2021-01-12 22:28:34.988+0000 INFO [o.n.k.i.DiagnosticsManager]   neostore.relationshipstore.db: 2021-01-12T22:28:32+0000 - 0.00 B
2021-01-12 22:28:34.988+0000 INFO [o.n.k.i.DiagnosticsManager]   neostore.relationshipstore.db.id: 2021-01-12T22:28:32+0000 - 9.00 B
2021-01-12 22:28:34.989+0000 INFO [o.n.k.i.DiagnosticsManager]   neostore.relationshiptypestore.db: 2021-01-12T22:28:32+0000 - 0.00 B
2021-01-12 22:28:34.989+0000 INFO [o.n.k.i.DiagnosticsManager]   neostore.relationshiptypestore.db.id: 2021-01-12T22:28:32+0000 - 9.00 B
2021-01-12 22:28:34.990+0000 INFO [o.n.k.i.DiagnosticsManager]   neostore.relationshiptypestore.db.names: 2021-01-12T22:28:32+0000 - 8.00 kB
2021-01-12 22:28:34.990+0000 INFO [o.n.k.i.DiagnosticsManager]   neostore.relationshiptypestore.db.names.id: 2021-01-12T22:28:32+0000 - 9.00 B
2021-01-12 22:28:34.990+0000 INFO [o.n.k.i.DiagnosticsManager]   neostore.schemastore.db: 2021-01-12T22:28:32+0000 - 8.00 kB
2021-01-12 22:28:34.991+0000 INFO [o.n.k.i.DiagnosticsManager]   neostore.schemastore.db.id: 2021-01-12T22:28:32+0000 - 9.00 B
2021-01-12 22:28:34.991+0000 INFO [o.n.k.i.DiagnosticsManager]   neostore.transaction.db.0: 2021-01-12T22:28:33+0000 - 16.00 B
2021-01-12 22:28:34.991+0000 INFO [o.n.k.i.DiagnosticsManager]   store_lock: 2021-01-12T22:28:31+0000 - 0.00 B
2021-01-12 22:28:34.991+0000 INFO [o.n.k.i.DiagnosticsManager] Storage summary: 
2021-01-12 22:28:34.991+0000 INFO [o.n.k.i.DiagnosticsManager]   Total size of store: 112.24 kB
2021-01-12 22:28:34.991+0000 INFO [o.n.k.i.DiagnosticsManager]   Total size of mapped files: 112.00 kB
2021-01-12 22:28:34.991+0000 INFO [o.n.k.i.DiagnosticsManager] --- STARTED diagnostics for KernelDiagnostics:StoreFiles END ---
2021-01-12 22:28:42.025+0000 INFO [o.n.k.i.DiagnosticsManager] --- SERVER STARTED START ---
2021-01-12 22:28:45.422+0000 INFO [o.n.k.i.DiagnosticsManager] --- SERVER STARTED END ---
